2023-04-15T23:22:07.331Z [Modules] Modules initializing
2023-04-15T23:22:07.332Z [Modules] Distribution: remote
2023-04-15T23:22:07.332Z [Modules] Host updates: enabled
2023-04-15T23:22:07.332Z [Modules] Module updates: enabled
2023-04-15T23:22:07.333Z [Modules] Module install path: /home/aatrox/.config/discord/0.0.26/modules
2023-04-15T23:22:07.333Z [Modules] Module installed file path: /home/aatrox/.config/discord/0.0.26/modules/installed.json
2023-04-15T23:22:07.333Z [Modules] Module download path: /home/aatrox/.config/discord/0.0.26/modules/pending
2023-04-15T23:22:07.735Z [Modules] Bootstrapping...
2023-04-15T23:22:07.744Z [Modules] Installing discord_desktop_core@0 from /opt/discord/resources/bootstrap/discord_desktop_core.zip
2023-04-15T23:22:07.747Z [Modules] Failed installing discord_desktop_core@0: Error: ENOENT: no such file or directory, open '/opt/discord/resources/bootstrap/discord_desktop_core.zip'
2023-04-15T23:22:07.749Z [Modules] Installing discord_erlpack@0 from /opt/discord/resources/bootstrap/discord_erlpack.zip
2023-04-15T23:22:07.752Z [Modules] Failed installing discord_erlpack@0: Error: ENOENT: no such file or directory, open '/opt/discord/resources/bootstrap/discord_erlpack.zip'
2023-04-15T23:22:07.753Z [Modules] Installing discord_spellcheck@0 from /opt/discord/resources/bootstrap/discord_spellcheck.zip
2023-04-15T23:22:07.754Z [Modules] Failed installing discord_spellcheck@0: Error: ENOENT: no such file or directory, open '/opt/discord/resources/bootstrap/discord_spellcheck.zip'
2023-04-15T23:22:07.756Z [Modules] Installing discord_utils@0 from /opt/discord/resources/bootstrap/discord_utils.zip
2023-04-15T23:22:07.758Z [Modules] Failed installing discord_utils@0: Error: ENOENT: no such file or directory, open '/opt/discord/resources/bootstrap/discord_utils.zip'
2023-04-15T23:22:07.759Z [Modules] Installing discord_voice@0 from /opt/discord/resources/bootstrap/discord_voice.zip
2023-04-15T23:22:07.760Z [Modules] Failed installing discord_voice@0: Error: ENOENT: no such file or directory, open '/opt/discord/resources/bootstrap/discord_voice.zip'
2023-04-15T23:22:07.761Z [Modules] Finished module installations. [success: 0] [failure: 5]
2023-04-15T23:22:07.762Z [Modules] Checking for host updates.
2023-04-15T23:22:07.990Z [Modules] Host is up to date.
2023-04-15T23:22:07.991Z [Modules] Checking for module updates at https://discord.com/api/modules/stable/versions.json
2023-04-15T23:22:08.075Z [Modules] Module update available: discord_desktop_core@1 [installed: 0]
2023-04-15T23:22:08.075Z [Modules] Module update available: discord_erlpack@1 [installed: 0]
2023-04-15T23:22:08.075Z [Modules] Module update available: discord_spellcheck@1 [installed: 0]
2023-04-15T23:22:08.076Z [Modules] Module update available: discord_utils@1 [installed: 0]
2023-04-15T23:22:08.076Z [Modules] Module update available: discord_voice@1 [installed: 0]
2023-04-15T23:22:08.076Z [Modules] Fetching discord_desktop_core@1 from https://discord.com/api/modules/stable/discord_desktop_core/1
2023-04-15T23:22:08.077Z [Modules] Streaming discord_desktop_core@1 to /home/aatrox/.config/discord/0.0.26/modules/pending/discord_desktop_core-1.zip
2023-04-15T23:22:08.284Z [Modules] Streaming discord_desktop_core@1 to /home/aatrox/.config/discord/0.0.26/modules/pending/discord_desktop_core-1.zip: 2%
2023-04-15T23:22:08.293Z [Modules] Streaming discord_desktop_core@1 to /home/aatrox/.config/discord/0.0.26/modules/pending/discord_desktop_core-1.zip: 3%
2023-04-15T23:22:08.303Z [Modules] Streaming discord_desktop_core@1 to /home/aatrox/.config/discord/0.0.26/modules/pending/discord_desktop_core-1.zip: 4%
2023-04-15T23:22:08.311Z [Modules] Streaming discord_desktop_core@1 to /home/aatrox/.config/discord/0.0.26/modules/pending/discord_desktop_core-1.zip: 6%
2023-04-15T23:22:08.319Z [Modules] Streaming discord_desktop_core@1 to /home/aatrox/.config/discord/0.0.26/modules/pending/discord_desktop_core-1.zip: 7%
2023-04-15T23:22:08.325Z [Modules] Streaming discord_desktop_core@1 to /home/aatrox/.config/discord/0.0.26/modules/pending/discord_desktop_core-1.zip: 9%
2023-04-15T23:22:08.345Z [Modules] Streaming discord_desktop_core@1 to /home/aatrox/.config/discord/0.0.26/modules/pending/discord_desktop_core-1.zip: 12%
2023-04-15T23:22:08.358Z [Modules] Streaming discord_desktop_core@1 to /home/aatrox/.config/discord/0.0.26/modules/pending/discord_desktop_core-1.zip: 14%
2023-04-15T23:22:08.367Z [Modules] Streaming discord_desktop_core@1 to /home/aatrox/.config/discord/0.0.26/modules/pending/discord_desktop_core-1.zip: 16%
2023-04-15T23:22:08.370Z [Modules] Streaming discord_desktop_core@1 to /home/aatrox/.config/discord/0.0.26/modules/pending/discord_desktop_core-1.zip: 18%
2023-04-15T23:22:08.379Z [Modules] Streaming discord_desktop_core@1 to /home/aatrox/.config/discord/0.0.26/modules/pending/discord_desktop_core-1.zip: 19%
2023-04-15T23:22:08.383Z [Modules] Streaming discord_desktop_core@1 to /home/aatrox/.config/discord/0.0.26/modules/pending/discord_desktop_core-1.zip: 20%
2023-04-15T23:22:08.394Z [Modules] Streaming discord_desktop_core@1 to /home/aatrox/.config/discord/0.0.26/modules/pending/discord_desktop_core-1.zip: 22%
2023-04-15T23:22:08.400Z [Modules] Streaming discord_desktop_core@1 to /home/aatrox/.config/discord/0.0.26/modules/pending/discord_desktop_core-1.zip: 24%
2023-04-15T23:22:08.404Z [Modules] Streaming discord_desktop_core@1 to /home/aatrox/.config/discord/0.0.26/modules/pending/discord_desktop_core-1.zip: 25%
2023-04-15T23:22:08.410Z [Modules] Streaming discord_desktop_core@1 to /home/aatrox/.config/discord/0.0.26/modules/pending/discord_desktop_core-1.zip: 27%
2023-04-15T23:22:08.415Z [Modules] Streaming discord_desktop_core@1 to /home/aatrox/.config/discord/0.0.26/modules/pending/discord_desktop_core-1.zip: 28%
2023-04-15T23:22:08.427Z [Modules] Streaming discord_desktop_core@1 to /home/aatrox/.config/discord/0.0.26/modules/pending/discord_desktop_core-1.zip: 30%
2023-04-15T23:22:08.436Z [Modules] Streaming discord_desktop_core@1 to /home/aatrox/.config/discord/0.0.26/modules/pending/discord_desktop_core-1.zip: 32%
2023-04-15T23:22:08.441Z [Modules] Streaming discord_desktop_core@1 to /home/aatrox/.config/discord/0.0.26/modules/pending/discord_desktop_core-1.zip: 33%
2023-04-15T23:22:08.445Z [Modules] Streaming discord_desktop_core@1 to /home/aatrox/.config/discord/0.0.26/modules/pending/discord_desktop_core-1.zip: 34%
2023-04-15T23:22:08.453Z [Modules] Streaming discord_desktop_core@1 to /home/aatrox/.config/discord/0.0.26/modules/pending/discord_desktop_core-1.zip: 36%
2023-04-15T23:22:08.457Z [Modules] Streaming discord_desktop_core@1 to /home/aatrox/.config/discord/0.0.26/modules/pending/discord_desktop_core-1.zip: 38%
2023-04-15T23:22:08.460Z [Modules] Streaming discord_desktop_core@1 to /home/aatrox/.config/discord/0.0.26/modules/pending/discord_desktop_core-1.zip: 40%
2023-04-15T23:22:08.483Z [Modules] Streaming discord_desktop_core@1 to /home/aatrox/.config/discord/0.0.26/modules/pending/discord_desktop_core-1.zip: 42%
2023-04-15T23:22:08.493Z [Modules] Streaming discord_desktop_core@1 to /home/aatrox/.config/discord/0.0.26/modules/pending/discord_desktop_core-1.zip: 44%
2023-04-15T23:22:08.498Z [Modules] Streaming discord_desktop_core@1 to /home/aatrox/.config/discord/0.0.26/modules/pending/discord_desktop_core-1.zip: 46%
2023-04-15T23:22:08.503Z [Modules] Streaming discord_desktop_core@1 to /home/aatrox/.config/discord/0.0.26/modules/pending/discord_desktop_core-1.zip: 47%
2023-04-15T23:22:08.506Z [Modules] Streaming discord_desktop_core@1 to /home/aatrox/.config/discord/0.0.26/modules/pending/discord_desktop_core-1.zip: 49%
2023-04-15T23:22:08.514Z [Modules] Streaming discord_desktop_core@1 to /home/aatrox/.config/discord/0.0.26/modules/pending/discord_desktop_core-1.zip: 51%
2023-04-15T23:22:08.518Z [Modules] Streaming discord_desktop_core@1 to /home/aatrox/.config/discord/0.0.26/modules/pending/discord_desktop_core-1.zip: 52%
2023-04-15T23:22:08.524Z [Modules] Streaming discord_desktop_core@1 to /home/aatrox/.config/discord/0.0.26/modules/pending/discord_desktop_core-1.zip: 53%
2023-04-15T23:22:08.527Z [Modules] Streaming discord_desktop_core@1 to /home/aatrox/.config/discord/0.0.26/modules/pending/discord_desktop_core-1.zip: 54%
2023-04-15T23:22:08.535Z [Modules] Streaming discord_desktop_core@1 to /home/aatrox/.config/discord/0.0.26/modules/pending/discord_desktop_core-1.zip: 55%
2023-04-15T23:22:08.543Z [Modules] Streaming discord_desktop_core@1 to /home/aatrox/.config/discord/0.0.26/modules/pending/discord_desktop_core-1.zip: 56%
2023-04-15T23:22:08.551Z [Modules] Streaming discord_desktop_core@1 to /home/aatrox/.config/discord/0.0.26/modules/pending/discord_desktop_core-1.zip: 58%
2023-04-15T23:22:08.555Z [Modules] Streaming discord_desktop_core@1 to /home/aatrox/.config/discord/0.0.26/modules/pending/discord_desktop_core-1.zip: 59%
2023-04-15T23:22:08.562Z [Modules] Streaming discord_desktop_core@1 to /home/aatrox/.config/discord/0.0.26/modules/pending/discord_desktop_core-1.zip: 60%
2023-04-15T23:22:08.579Z [Modules] Streaming discord_desktop_core@1 to /home/aatrox/.config/discord/0.0.26/modules/pending/discord_desktop_core-1.zip: 62%
2023-04-15T23:22:08.585Z [Modules] Streaming discord_desktop_core@1 to /home/aatrox/.config/discord/0.0.26/modules/pending/discord_desktop_core-1.zip: 64%
2023-04-15T23:22:08.589Z [Modules] Streaming discord_desktop_core@1 to /home/aatrox/.config/discord/0.0.26/modules/pending/discord_desktop_core-1.zip: 66%
2023-04-15T23:22:08.601Z [Modules] Streaming discord_desktop_core@1 to /home/aatrox/.config/discord/0.0.26/modules/pending/discord_desktop_core-1.zip: 67%
2023-04-15T23:22:08.603Z [Modules] Streaming discord_desktop_core@1 to /home/aatrox/.config/discord/0.0.26/modules/pending/discord_desktop_core-1.zip: 68%
2023-04-15T23:22:08.612Z [Modules] Streaming discord_desktop_core@1 to /home/aatrox/.config/discord/0.0.26/modules/pending/discord_desktop_core-1.zip: 70%
2023-04-15T23:22:08.624Z [Modules] Streaming discord_desktop_core@1 to /home/aatrox/.config/discord/0.0.26/modules/pending/discord_desktop_core-1.zip: 72%
2023-04-15T23:22:08.633Z [Modules] Streaming discord_desktop_core@1 to /home/aatrox/.config/discord/0.0.26/modules/pending/discord_desktop_core-1.zip: 74%
2023-04-15T23:22:08.637Z [Modules] Streaming discord_desktop_core@1 to /home/aatrox/.config/discord/0.0.26/modules/pending/discord_desktop_core-1.zip: 75%
2023-04-15T23:22:08.652Z [Modules] Streaming discord_desktop_core@1 to /home/aatrox/.config/discord/0.0.26/modules/pending/discord_desktop_core-1.zip: 78%
2023-04-15T23:22:08.657Z [Modules] Streaming discord_desktop_core@1 to /home/aatrox/.config/discord/0.0.26/modules/pending/discord_desktop_core-1.zip: 80%
2023-04-15T23:22:08.661Z [Modules] Streaming discord_desktop_core@1 to /home/aatrox/.config/discord/0.0.26/modules/pending/discord_desktop_core-1.zip: 81%
2023-04-15T23:22:08.673Z [Modules] Streaming discord_desktop_core@1 to /home/aatrox/.config/discord/0.0.26/modules/pending/discord_desktop_core-1.zip: 83%
2023-04-15T23:22:08.679Z [Modules] Streaming discord_desktop_core@1 to /home/aatrox/.config/discord/0.0.26/modules/pending/discord_desktop_core-1.zip: 85%
2023-04-15T23:22:08.692Z [Modules] Streaming discord_desktop_core@1 to /home/aatrox/.config/discord/0.0.26/modules/pending/discord_desktop_core-1.zip: 87%
2023-04-15T23:22:08.700Z [Modules] Streaming discord_desktop_core@1 to /home/aatrox/.config/discord/0.0.26/modules/pending/discord_desktop_core-1.zip: 88%
2023-04-15T23:22:08.703Z [Modules] Streaming discord_desktop_core@1 to /home/aatrox/.config/discord/0.0.26/modules/pending/discord_desktop_core-1.zip: 89%
2023-04-15T23:22:08.711Z [Modules] Streaming discord_desktop_core@1 to /home/aatrox/.config/discord/0.0.26/modules/pending/discord_desktop_core-1.zip: 91%
2023-04-15T23:22:08.717Z [Modules] Streaming discord_desktop_core@1 to /home/aatrox/.config/discord/0.0.26/modules/pending/discord_desktop_core-1.zip: 93%
2023-04-15T23:22:08.722Z [Modules] Streaming discord_desktop_core@1 to /home/aatrox/.config/discord/0.0.26/modules/pending/discord_desktop_core-1.zip: 95%
2023-04-15T23:22:08.759Z [Modules] Streaming discord_desktop_core@1 to /home/aatrox/.config/discord/0.0.26/modules/pending/discord_desktop_core-1.zip: 96%
2023-04-15T23:22:08.760Z [Modules] Streaming discord_desktop_core@1 to /home/aatrox/.config/discord/0.0.26/modules/pending/discord_desktop_core-1.zip: 100%
2023-04-15T23:22:08.768Z [Modules] Fetching discord_erlpack@1 from https://discord.com/api/modules/stable/discord_erlpack/1
2023-04-15T23:22:08.769Z [Modules] Streaming discord_erlpack@1 to /home/aatrox/.config/discord/0.0.26/modules/pending/discord_erlpack-1.zip
2023-04-15T23:22:08.897Z [Modules] Streaming discord_erlpack@1 to /home/aatrox/.config/discord/0.0.26/modules/pending/discord_erlpack-1.zip: 1%
2023-04-15T23:22:08.903Z [Modules] Streaming discord_erlpack@1 to /home/aatrox/.config/discord/0.0.26/modules/pending/discord_erlpack-1.zip: 2%
2023-04-15T23:22:08.909Z [Modules] Streaming discord_erlpack@1 to /home/aatrox/.config/discord/0.0.26/modules/pending/discord_erlpack-1.zip: 4%
2023-04-15T23:22:08.916Z [Modules] Streaming discord_erlpack@1 to /home/aatrox/.config/discord/0.0.26/modules/pending/discord_erlpack-1.zip: 6%
2023-04-15T23:22:08.925Z [Modules] Streaming discord_erlpack@1 to /home/aatrox/.config/discord/0.0.26/modules/pending/discord_erlpack-1.zip: 7%
2023-04-15T23:22:08.929Z [Modules] Streaming discord_erlpack@1 to /home/aatrox/.config/discord/0.0.26/modules/pending/discord_erlpack-1.zip: 9%
2023-04-15T23:22:08.938Z [Modules] Streaming discord_erlpack@1 to /home/aatrox/.config/discord/0.0.26/modules/pending/discord_erlpack-1.zip: 11%
2023-04-15T23:22:08.944Z [Modules] Streaming discord_erlpack@1 to /home/aatrox/.config/discord/0.0.26/modules/pending/discord_erlpack-1.zip: 13%
2023-04-15T23:22:08.950Z [Modules] Streaming discord_erlpack@1 to /home/aatrox/.config/discord/0.0.26/modules/pending/discord_erlpack-1.zip: 15%
2023-04-15T23:22:08.958Z [Modules] Streaming discord_erlpack@1 to /home/aatrox/.config/discord/0.0.26/modules/pending/discord_erlpack-1.zip: 17%
2023-04-15T23:22:08.964Z [Modules] Streaming discord_erlpack@1 to /home/aatrox/.config/discord/0.0.26/modules/pending/discord_erlpack-1.zip: 18%
2023-04-15T23:22:08.971Z [Modules] Streaming discord_erlpack@1 to /home/aatrox/.config/discord/0.0.26/modules/pending/discord_erlpack-1.zip: 20%
2023-04-15T23:22:08.981Z [Modules] Streaming discord_erlpack@1 to /home/aatrox/.config/discord/0.0.26/modules/pending/discord_erlpack-1.zip: 21%
2023-04-15T23:22:08.988Z [Modules] Streaming discord_erlpack@1 to /home/aatrox/.config/discord/0.0.26/modules/pending/discord_erlpack-1.zip: 23%
2023-04-15T23:22:08.993Z [Modules] Streaming discord_erlpack@1 to /home/aatrox/.config/discord/0.0.26/modules/pending/discord_erlpack-1.zip: 25%
2023-04-15T23:22:09.002Z [Modules] Streaming discord_erlpack@1 to /home/aatrox/.config/discord/0.0.26/modules/pending/discord_erlpack-1.zip: 27%
2023-04-15T23:22:09.013Z [Modules] Streaming discord_erlpack@1 to /home/aatrox/.config/discord/0.0.26/modules/pending/discord_erlpack-1.zip: 29%
2023-04-15T23:22:09.018Z [Modules] Streaming discord_erlpack@1 to /home/aatrox/.config/discord/0.0.26/modules/pending/discord_erlpack-1.zip: 30%
2023-04-15T23:22:09.022Z [Modules] Streaming discord_erlpack@1 to /home/aatrox/.config/discord/0.0.26/modules/pending/discord_erlpack-1.zip: 31%
2023-04-15T23:22:09.035Z [Modules] Streaming discord_erlpack@1 to /home/aatrox/.config/discord/0.0.26/modules/pending/discord_erlpack-1.zip: 33%
2023-04-15T23:22:09.038Z [Modules] Streaming discord_erlpack@1 to /home/aatrox/.config/discord/0.0.26/modules/pending/discord_erlpack-1.zip: 35%
2023-04-15T23:22:09.041Z [Modules] Streaming discord_erlpack@1 to /home/aatrox/.config/discord/0.0.26/modules/pending/discord_erlpack-1.zip: 37%
2023-04-15T23:22:09.044Z [Modules] Streaming discord_erlpack@1 to /home/aatrox/.config/discord/0.0.26/modules/pending/discord_erlpack-1.zip: 38%
2023-04-15T23:22:09.057Z [Modules] Streaming discord_erlpack@1 to /home/aatrox/.config/discord/0.0.26/modules/pending/discord_erlpack-1.zip: 40%
2023-04-15T23:22:09.060Z [Modules] Streaming discord_erlpack@1 to /home/aatrox/.config/discord/0.0.26/modules/pending/discord_erlpack-1.zip: 42%
2023-04-15T23:22:09.068Z [Modules] Streaming discord_erlpack@1 to /home/aatrox/.config/discord/0.0.26/modules/pending/discord_erlpack-1.zip: 44%
2023-04-15T23:22:09.086Z [Modules] Streaming discord_erlpack@1 to /home/aatrox/.config/discord/0.0.26/modules/pending/discord_erlpack-1.zip: 47%
2023-04-15T23:22:09.102Z [Modules] Streaming discord_erlpack@1 to /home/aatrox/.config/discord/0.0.26/modules/pending/discord_erlpack-1.zip: 49%
2023-04-15T23:22:09.111Z [Modules] Streaming discord_erlpack@1 to /home/aatrox/.config/discord/0.0.26/modules/pending/discord_erlpack-1.zip: 51%
2023-04-15T23:22:09.115Z [Modules] Streaming discord_erlpack@1 to /home/aatrox/.config/discord/0.0.26/modules/pending/discord_erlpack-1.zip: 52%
2023-04-15T23:22:09.119Z [Modules] Streaming discord_erlpack@1 to /home/aatrox/.config/discord/0.0.26/modules/pending/discord_erlpack-1.zip: 54%
2023-04-15T23:22:09.147Z [Modules] Streaming discord_erlpack@1 to /home/aatrox/.config/discord/0.0.26/modules/pending/discord_erlpack-1.zip: 60%
2023-04-15T23:22:09.149Z [Modules] Streaming discord_erlpack@1 to /home/aatrox/.config/discord/0.0.26/modules/pending/discord_erlpack-1.zip: 62%
2023-04-15T23:22:09.155Z [Modules] Streaming discord_erlpack@1 to /home/aatrox/.config/discord/0.0.26/modules/pending/discord_erlpack-1.zip: 63%
2023-04-15T23:22:09.160Z [Modules] Streaming discord_erlpack@1 to /home/aatrox/.config/discord/0.0.26/modules/pending/discord_erlpack-1.zip: 65%
2023-04-15T23:22:09.166Z [Modules] Streaming discord_erlpack@1 to /home/aatrox/.config/discord/0.0.26/modules/pending/discord_erlpack-1.zip: 67%
2023-04-15T23:22:09.177Z [Modules] Streaming discord_erlpack@1 to /home/aatrox/.config/discord/0.0.26/modules/pending/discord_erlpack-1.zip: 70%
2023-04-15T23:22:09.192Z [Modules] Streaming discord_erlpack@1 to /home/aatrox/.config/discord/0.0.26/modules/pending/discord_erlpack-1.zip: 72%
2023-04-15T23:22:09.195Z [Modules] Streaming discord_erlpack@1 to /home/aatrox/.config/discord/0.0.26/modules/pending/discord_erlpack-1.zip: 74%
2023-04-15T23:22:09.204Z [Modules] Streaming discord_erlpack@1 to /home/aatrox/.config/discord/0.0.26/modules/pending/discord_erlpack-1.zip: 76%
2023-04-15T23:22:09.208Z [Modules] Streaming discord_erlpack@1 to /home/aatrox/.config/discord/0.0.26/modules/pending/discord_erlpack-1.zip: 77%
2023-04-15T23:22:09.220Z [Modules] Streaming discord_erlpack@1 to /home/aatrox/.config/discord/0.0.26/modules/pending/discord_erlpack-1.zip: 79%
2023-04-15T23:22:09.223Z [Modules] Streaming discord_erlpack@1 to /home/aatrox/.config/discord/0.0.26/modules/pending/discord_erlpack-1.zip: 81%
2023-04-15T23:22:09.227Z [Modules] Streaming discord_erlpack@1 to /home/aatrox/.config/discord/0.0.26/modules/pending/discord_erlpack-1.zip: 83%
2023-04-15T23:22:09.236Z [Modules] Streaming discord_erlpack@1 to /home/aatrox/.config/discord/0.0.26/modules/pending/discord_erlpack-1.zip: 85%
2023-04-15T23:22:09.243Z [Modules] Streaming discord_erlpack@1 to /home/aatrox/.config/discord/0.0.26/modules/pending/discord_erlpack-1.zip: 87%
2023-04-15T23:22:09.252Z [Modules] Streaming discord_erlpack@1 to /home/aatrox/.config/discord/0.0.26/modules/pending/discord_erlpack-1.zip: 88%
2023-04-15T23:22:09.256Z [Modules] Streaming discord_erlpack@1 to /home/aatrox/.config/discord/0.0.26/modules/pending/discord_erlpack-1.zip: 90%
2023-04-15T23:22:09.262Z [Modules] Streaming discord_erlpack@1 to /home/aatrox/.config/discord/0.0.26/modules/pending/discord_erlpack-1.zip: 92%
2023-04-15T23:22:09.266Z [Modules] Streaming discord_erlpack@1 to /home/aatrox/.config/discord/0.0.26/modules/pending/discord_erlpack-1.zip: 94%
2023-04-15T23:22:09.281Z [Modules] Streaming discord_erlpack@1 to /home/aatrox/.config/discord/0.0.26/modules/pending/discord_erlpack-1.zip: 96%
2023-04-15T23:22:09.289Z [Modules] Streaming discord_erlpack@1 to /home/aatrox/.config/discord/0.0.26/modules/pending/discord_erlpack-1.zip: 97%
2023-04-15T23:22:09.294Z [Modules] Streaming discord_erlpack@1 to /home/aatrox/.config/discord/0.0.26/modules/pending/discord_erlpack-1.zip: 100%
2023-04-15T23:22:09.295Z [Modules] Fetching discord_spellcheck@1 from https://discord.com/api/modules/stable/discord_spellcheck/1
2023-04-15T23:22:09.296Z [Modules] Streaming discord_spellcheck@1 to /home/aatrox/.config/discord/0.0.26/modules/pending/discord_spellcheck-1.zip
2023-04-15T23:22:09.469Z [Modules] Streaming discord_spellcheck@1 to /home/aatrox/.config/discord/0.0.26/modules/pending/discord_spellcheck-1.zip: 1%
2023-04-15T23:22:09.504Z [Modules] Streaming discord_spellcheck@1 to /home/aatrox/.config/discord/0.0.26/modules/pending/discord_spellcheck-1.zip: 2%
2023-04-15T23:22:09.539Z [Modules] Streaming discord_spellcheck@1 to /home/aatrox/.config/discord/0.0.26/modules/pending/discord_spellcheck-1.zip: 3%
2023-04-15T23:22:09.551Z [Modules] Streaming discord_spellcheck@1 to /home/aatrox/.config/discord/0.0.26/modules/pending/discord_spellcheck-1.zip: 4%
2023-04-15T23:22:09.571Z [Modules] Streaming discord_spellcheck@1 to /home/aatrox/.config/discord/0.0.26/modules/pending/discord_spellcheck-1.zip: 5%
2023-04-15T23:22:09.607Z [Modules] Streaming discord_spellcheck@1 to /home/aatrox/.config/discord/0.0.26/modules/pending/discord_spellcheck-1.zip: 6%
2023-04-15T23:22:09.622Z [Modules] Streaming discord_spellcheck@1 to /home/aatrox/.config/discord/0.0.26/modules/pending/discord_spellcheck-1.zip: 7%
2023-04-15T23:22:09.648Z [Modules] Streaming discord_spellcheck@1 to /home/aatrox/.config/discord/0.0.26/modules/pending/discord_spellcheck-1.zip: 8%
2023-04-15T23:22:09.670Z [Modules] Streaming discord_spellcheck@1 to /home/aatrox/.config/discord/0.0.26/modules/pending/discord_spellcheck-1.zip: 9%
2023-04-15T23:22:09.699Z [Modules] Streaming discord_spellcheck@1 to /home/aatrox/.config/discord/0.0.26/modules/pending/discord_spellcheck-1.zip: 10%
2023-04-15T23:22:09.723Z [Modules] Streaming discord_spellcheck@1 to /home/aatrox/.config/discord/0.0.26/modules/pending/discord_spellcheck-1.zip: 11%
2023-04-15T23:22:09.742Z [Modules] Streaming discord_spellcheck@1 to /home/aatrox/.config/discord/0.0.26/modules/pending/discord_spellcheck-1.zip: 12%
2023-04-15T23:22:09.767Z [Modules] Streaming discord_spellcheck@1 to /home/aatrox/.config/discord/0.0.26/modules/pending/discord_spellcheck-1.zip: 13%
2023-04-15T23:22:09.786Z [Modules] Streaming discord_spellcheck@1 to /home/aatrox/.config/discord/0.0.26/modules/pending/discord_spellcheck-1.zip: 14%
2023-04-15T23:22:09.817Z [Modules] Streaming discord_spellcheck@1 to /home/aatrox/.config/discord/0.0.26/modules/pending/discord_spellcheck-1.zip: 15%
2023-04-15T23:22:09.837Z [Modules] Streaming discord_spellcheck@1 to /home/aatrox/.config/discord/0.0.26/modules/pending/discord_spellcheck-1.zip: 16%
2023-04-15T23:22:09.864Z [Modules] Streaming discord_spellcheck@1 to /home/aatrox/.config/discord/0.0.26/modules/pending/discord_spellcheck-1.zip: 17%
2023-04-15T23:22:09.883Z [Modules] Streaming discord_spellcheck@1 to /home/aatrox/.config/discord/0.0.26/modules/pending/discord_spellcheck-1.zip: 18%
2023-04-15T23:22:09.906Z [Modules] Streaming discord_spellcheck@1 to /home/aatrox/.config/discord/0.0.26/modules/pending/discord_spellcheck-1.zip: 19%
2023-04-15T23:22:09.928Z [Modules] Streaming discord_spellcheck@1 to /home/aatrox/.config/discord/0.0.26/modules/pending/discord_spellcheck-1.zip: 20%
2023-04-15T23:22:09.951Z [Modules] Streaming discord_spellcheck@1 to /home/aatrox/.config/discord/0.0.26/modules/pending/discord_spellcheck-1.zip: 21%
2023-04-15T23:22:09.972Z [Modules] Streaming discord_spellcheck@1 to /home/aatrox/.config/discord/0.0.26/modules/pending/discord_spellcheck-1.zip: 22%
2023-04-15T23:22:10.012Z [Modules] Streaming discord_spellcheck@1 to /home/aatrox/.config/discord/0.0.26/modules/pending/discord_spellcheck-1.zip: 23%
2023-04-15T23:22:10.028Z [Modules] Streaming discord_spellcheck@1 to /home/aatrox/.config/discord/0.0.26/modules/pending/discord_spellcheck-1.zip: 24%
2023-04-15T23:22:10.050Z [Modules] Streaming discord_spellcheck@1 to /home/aatrox/.config/discord/0.0.26/modules/pending/discord_spellcheck-1.zip: 25%
2023-04-15T23:22:10.070Z [Modules] Streaming discord_spellcheck@1 to /home/aatrox/.config/discord/0.0.26/modules/pending/discord_spellcheck-1.zip: 26%
2023-04-15T23:22:10.110Z [Modules] Streaming discord_spellcheck@1 to /home/aatrox/.config/discord/0.0.26/modules/pending/discord_spellcheck-1.zip: 27%
2023-04-15T23:22:10.128Z [Modules] Streaming discord_spellcheck@1 to /home/aatrox/.config/discord/0.0.26/modules/pending/discord_spellcheck-1.zip: 28%
2023-04-15T23:22:10.150Z [Modules] Streaming discord_spellcheck@1 to /home/aatrox/.config/discord/0.0.26/modules/pending/discord_spellcheck-1.zip: 29%
2023-04-15T23:22:10.169Z [Modules] Streaming discord_spellcheck@1 to /home/aatrox/.config/discord/0.0.26/modules/pending/discord_spellcheck-1.zip: 30%
2023-04-15T23:22:10.187Z [Modules] Streaming discord_spellcheck@1 to /home/aatrox/.config/discord/0.0.26/modules/pending/discord_spellcheck-1.zip: 31%
2023-04-15T23:22:10.220Z [Modules] Streaming discord_spellcheck@1 to /home/aatrox/.config/discord/0.0.26/modules/pending/discord_spellcheck-1.zip: 32%
2023-04-15T23:22:10.245Z [Modules] Streaming discord_spellcheck@1 to /home/aatrox/.config/discord/0.0.26/modules/pending/discord_spellcheck-1.zip: 33%
2023-04-15T23:22:10.261Z [Modules] Streaming discord_spellcheck@1 to /home/aatrox/.config/discord/0.0.26/modules/pending/discord_spellcheck-1.zip: 34%
2023-04-15T23:22:10.289Z [Modules] Streaming discord_spellcheck@1 to /home/aatrox/.config/discord/0.0.26/modules/pending/discord_spellcheck-1.zip: 35%
2023-04-15T23:22:10.323Z [Modules] Streaming discord_spellcheck@1 to /home/aatrox/.config/discord/0.0.26/modules/pending/discord_spellcheck-1.zip: 36%
2023-04-15T23:22:10.343Z [Modules] Streaming discord_spellcheck@1 to /home/aatrox/.config/discord/0.0.26/modules/pending/discord_spellcheck-1.zip: 37%
2023-04-15T23:22:10.372Z [Modules] Streaming discord_spellcheck@1 to /home/aatrox/.config/discord/0.0.26/modules/pending/discord_spellcheck-1.zip: 38%
2023-04-15T23:22:10.394Z [Modules] Streaming discord_spellcheck@1 to /home/aatrox/.config/discord/0.0.26/modules/pending/discord_spellcheck-1.zip: 39%
2023-04-15T23:22:10.421Z [Modules] Streaming discord_spellcheck@1 to /home/aatrox/.config/discord/0.0.26/modules/pending/discord_spellcheck-1.zip: 40%
2023-04-15T23:22:10.440Z [Modules] Streaming discord_spellcheck@1 to /home/aatrox/.config/discord/0.0.26/modules/pending/discord_spellcheck-1.zip: 41%
2023-04-15T23:22:10.460Z [Modules] Streaming discord_spellcheck@1 to /home/aatrox/.config/discord/0.0.26/modules/pending/discord_spellcheck-1.zip: 42%
2023-04-15T23:22:10.484Z [Modules] Streaming discord_spellcheck@1 to /home/aatrox/.config/discord/0.0.26/modules/pending/discord_spellcheck-1.zip: 43%
2023-04-15T23:22:10.529Z [Modules] Streaming discord_spellcheck@1 to /home/aatrox/.config/discord/0.0.26/modules/pending/discord_spellcheck-1.zip: 44%
2023-04-15T23:22:10.533Z [Modules] Streaming discord_spellcheck@1 to /home/aatrox/.config/discord/0.0.26/modules/pending/discord_spellcheck-1.zip: 45%
2023-04-15T23:22:10.564Z [Modules] Streaming discord_spellcheck@1 to /home/aatrox/.config/discord/0.0.26/modules/pending/discord_spellcheck-1.zip: 46%
2023-04-15T23:22:10.583Z [Modules] Streaming discord_spellcheck@1 to /home/aatrox/.config/discord/0.0.26/modules/pending/discord_spellcheck-1.zip: 47%
2023-04-15T23:22:10.600Z [Modules] Streaming discord_spellcheck@1 to /home/aatrox/.config/discord/0.0.26/modules/pending/discord_spellcheck-1.zip: 48%
2023-04-15T23:22:10.667Z [Modules] Streaming discord_spellcheck@1 to /home/aatrox/.config/discord/0.0.26/modules/pending/discord_spellcheck-1.zip: 50%
2023-04-15T23:22:10.678Z [Modules] Streaming discord_spellcheck@1 to /home/aatrox/.config/discord/0.0.26/modules/pending/discord_spellcheck-1.zip: 51%
2023-04-15T23:22:10.692Z [Modules] Streaming discord_spellcheck@1 to /home/aatrox/.config/discord/0.0.26/modules/pending/discord_spellcheck-1.zip: 52%
2023-04-15T23:22:10.727Z [Modules] Streaming discord_spellcheck@1 to /home/aatrox/.config/discord/0.0.26/modules/pending/discord_spellcheck-1.zip: 53%
2023-04-15T23:22:10.746Z [Modules] Streaming discord_spellcheck@1 to /home/aatrox/.config/discord/0.0.26/modules/pending/discord_spellcheck-1.zip: 54%
2023-04-15T23:22:10.769Z [Modules] Streaming discord_spellcheck@1 to /home/aatrox/.config/discord/0.0.26/modules/pending/discord_spellcheck-1.zip: 55%
2023-04-15T23:22:10.789Z [Modules] Streaming discord_spellcheck@1 to /home/aatrox/.config/discord/0.0.26/modules/pending/discord_spellcheck-1.zip: 56%
2023-04-15T23:22:10.815Z [Modules] Streaming discord_spellcheck@1 to /home/aatrox/.config/discord/0.0.26/modules/pending/discord_spellcheck-1.zip: 57%
2023-04-15T23:22:10.849Z [Modules] Streaming discord_spellcheck@1 to /home/aatrox/.config/discord/0.0.26/modules/pending/discord_spellcheck-1.zip: 58%
2023-04-15T23:22:10.885Z [Modules] Streaming discord_spellcheck@1 to /home/aatrox/.config/discord/0.0.26/modules/pending/discord_spellcheck-1.zip: 59%
2023-04-15T23:22:10.888Z [Modules] Streaming discord_spellcheck@1 to /home/aatrox/.config/discord/0.0.26/modules/pending/discord_spellcheck-1.zip: 60%
2023-04-15T23:22:10.903Z [Modules] Streaming discord_spellcheck@1 to /home/aatrox/.config/discord/0.0.26/modules/pending/discord_spellcheck-1.zip: 61%
2023-04-15T23:22:10.938Z [Modules] Streaming discord_spellcheck@1 to /home/aatrox/.config/discord/0.0.26/modules/pending/discord_spellcheck-1.zip: 62%
2023-04-15T23:22:10.961Z [Modules] Streaming discord_spellcheck@1 to /home/aatrox/.config/discord/0.0.26/modules/pending/discord_spellcheck-1.zip: 63%
2023-04-15T23:22:10.980Z [Modules] Streaming discord_spellcheck@1 to /home/aatrox/.config/discord/0.0.26/modules/pending/discord_spellcheck-1.zip: 64%
2023-04-15T23:22:11.001Z [Modules] Streaming discord_spellcheck@1 to /home/aatrox/.config/discord/0.0.26/modules/pending/discord_spellcheck-1.zip: 65%
2023-04-15T23:22:11.031Z [Modules] Streaming discord_spellcheck@1 to /home/aatrox/.config/discord/0.0.26/modules/pending/discord_spellcheck-1.zip: 66%
2023-04-15T23:22:11.054Z [Modules] Streaming discord_spellcheck@1 to /home/aatrox/.config/discord/0.0.26/modules/pending/discord_spellcheck-1.zip: 67%
2023-04-15T23:22:11.075Z [Modules] Streaming discord_spellcheck@1 to /home/aatrox/.config/discord/0.0.26/modules/pending/discord_spellcheck-1.zip: 68%
2023-04-15T23:22:11.092Z [Modules] Streaming discord_spellcheck@1 to /home/aatrox/.config/discord/0.0.26/modules/pending/discord_spellcheck-1.zip: 69%
2023-04-15T23:22:11.121Z [Modules] Streaming discord_spellcheck@1 to /home/aatrox/.config/discord/0.0.26/modules/pending/discord_spellcheck-1.zip: 70%
2023-04-15T23:22:11.148Z [Modules] Streaming discord_spellcheck@1 to /home/aatrox/.config/discord/0.0.26/modules/pending/discord_spellcheck-1.zip: 71%
2023-04-15T23:22:11.168Z [Modules] Streaming discord_spellcheck@1 to /home/aatrox/.config/discord/0.0.26/modules/pending/discord_spellcheck-1.zip: 72%
2023-04-15T23:22:11.201Z [Modules] Streaming discord_spellcheck@1 to /home/aatrox/.config/discord/0.0.26/modules/pending/discord_spellcheck-1.zip: 73%
2023-04-15T23:22:11.221Z [Modules] Streaming discord_spellcheck@1 to /home/aatrox/.config/discord/0.0.26/modules/pending/discord_spellcheck-1.zip: 74%
2023-04-15T23:22:11.270Z [Modules] Streaming discord_spellcheck@1 to /home/aatrox/.config/discord/0.0.26/modules/pending/discord_spellcheck-1.zip: 75%
2023-04-15T23:22:11.271Z [Modules] Streaming discord_spellcheck@1 to /home/aatrox/.config/discord/0.0.26/modules/pending/discord_spellcheck-1.zip: 76%
2023-04-15T23:22:11.291Z [Modules] Streaming discord_spellcheck@1 to /home/aatrox/.config/discord/0.0.26/modules/pending/discord_spellcheck-1.zip: 77%
2023-04-15T23:22:11.311Z [Modules] Streaming discord_spellcheck@1 to /home/aatrox/.config/discord/0.0.26/modules/pending/discord_spellcheck-1.zip: 78%
2023-04-15T23:22:11.327Z [Modules] Streaming discord_spellcheck@1 to /home/aatrox/.config/discord/0.0.26/modules/pending/discord_spellcheck-1.zip: 79%
2023-04-15T23:22:11.366Z [Modules] Streaming discord_spellcheck@1 to /home/aatrox/.config/discord/0.0.26/modules/pending/discord_spellcheck-1.zip: 80%
2023-04-15T23:22:11.386Z [Modules] Streaming discord_spellcheck@1 to /home/aatrox/.config/discord/0.0.26/modules/pending/discord_spellcheck-1.zip: 81%
2023-04-15T23:22:11.404Z [Modules] Streaming discord_spellcheck@1 to /home/aatrox/.config/discord/0.0.26/modules/pending/discord_spellcheck-1.zip: 82%
2023-04-15T23:22:11.430Z [Modules] Streaming discord_spellcheck@1 to /home/aatrox/.config/discord/0.0.26/modules/pending/discord_spellcheck-1.zip: 83%
2023-04-15T23:22:11.461Z [Modules] Streaming discord_spellcheck@1 to /home/aatrox/.config/discord/0.0.26/modules/pending/discord_spellcheck-1.zip: 84%
2023-04-15T23:22:11.483Z [Modules] Streaming discord_spellcheck@1 to /home/aatrox/.config/discord/0.0.26/modules/pending/discord_spellcheck-1.zip: 85%
2023-04-15T23:22:11.504Z [Modules] Streaming discord_spellcheck@1 to /home/aatrox/.config/discord/0.0.26/modules/pending/discord_spellcheck-1.zip: 86%
2023-04-15T23:22:11.525Z [Modules] Streaming discord_spellcheck@1 to /home/aatrox/.config/discord/0.0.26/modules/pending/discord_spellcheck-1.zip: 87%
2023-04-15T23:22:11.560Z [Modules] Streaming discord_spellcheck@1 to /home/aatrox/.config/discord/0.0.26/modules/pending/discord_spellcheck-1.zip: 88%
2023-04-15T23:22:11.573Z [Modules] Streaming discord_spellcheck@1 to /home/aatrox/.config/discord/0.0.26/modules/pending/discord_spellcheck-1.zip: 89%
2023-04-15T23:22:11.603Z [Modules] Streaming discord_spellcheck@1 to /home/aatrox/.config/discord/0.0.26/modules/pending/discord_spellcheck-1.zip: 90%
2023-04-15T23:22:11.622Z [Modules] Streaming discord_spellcheck@1 to /home/aatrox/.config/discord/0.0.26/modules/pending/discord_spellcheck-1.zip: 91%
2023-04-15T23:22:11.656Z [Modules] Streaming discord_spellcheck@1 to /home/aatrox/.config/discord/0.0.26/modules/pending/discord_spellcheck-1.zip: 92%
2023-04-15T23:22:11.690Z [Modules] Streaming discord_spellcheck@1 to /home/aatrox/.config/discord/0.0.26/modules/pending/discord_spellcheck-1.zip: 93%
2023-04-15T23:22:11.702Z [Modules] Streaming discord_spellcheck@1 to /home/aatrox/.config/discord/0.0.26/modules/pending/discord_spellcheck-1.zip: 94%
2023-04-15T23:22:11.732Z [Modules] Streaming discord_spellcheck@1 to /home/aatrox/.config/discord/0.0.26/modules/pending/discord_spellcheck-1.zip: 95%
2023-04-15T23:22:11.754Z [Modules] Streaming discord_spellcheck@1 to /home/aatrox/.config/discord/0.0.26/modules/pending/discord_spellcheck-1.zip: 96%
2023-04-15T23:22:11.778Z [Modules] Streaming discord_spellcheck@1 to /home/aatrox/.config/discord/0.0.26/modules/pending/discord_spellcheck-1.zip: 97%
2023-04-15T23:22:11.793Z [Modules] Streaming discord_spellcheck@1 to /home/aatrox/.config/discord/0.0.26/modules/pending/discord_spellcheck-1.zip: 98%
2023-04-15T23:22:11.822Z [Modules] Streaming discord_spellcheck@1 to /home/aatrox/.config/discord/0.0.26/modules/pending/discord_spellcheck-1.zip: 99%
2023-04-15T23:22:11.835Z [Modules] Streaming discord_spellcheck@1 to /home/aatrox/.config/discord/0.0.26/modules/pending/discord_spellcheck-1.zip: 100%
2023-04-15T23:22:11.839Z [Modules] Fetching discord_utils@1 from https://discord.com/api/modules/stable/discord_utils/1
2023-04-15T23:22:11.839Z [Modules] Streaming discord_utils@1 to /home/aatrox/.config/discord/0.0.26/modules/pending/discord_utils-1.zip
2023-04-15T23:22:11.980Z [Modules] Streaming discord_utils@1 to /home/aatrox/.config/discord/0.0.26/modules/pending/discord_utils-1.zip: 1%
2023-04-15T23:22:11.990Z [Modules] Streaming discord_utils@1 to /home/aatrox/.config/discord/0.0.26/modules/pending/discord_utils-1.zip: 2%
2023-04-15T23:22:12.012Z [Modules] Streaming discord_utils@1 to /home/aatrox/.config/discord/0.0.26/modules/pending/discord_utils-1.zip: 3%
2023-04-15T23:22:12.019Z [Modules] Streaming discord_utils@1 to /home/aatrox/.config/discord/0.0.26/modules/pending/discord_utils-1.zip: 4%
2023-04-15T23:22:12.030Z [Modules] Streaming discord_utils@1 to /home/aatrox/.config/discord/0.0.26/modules/pending/discord_utils-1.zip: 6%
2023-04-15T23:22:12.037Z [Modules] Streaming discord_utils@1 to /home/aatrox/.config/discord/0.0.26/modules/pending/discord_utils-1.zip: 7%
2023-04-15T23:22:12.045Z [Modules] Streaming discord_utils@1 to /home/aatrox/.config/discord/0.0.26/modules/pending/discord_utils-1.zip: 8%
2023-04-15T23:22:12.060Z [Modules] Streaming discord_utils@1 to /home/aatrox/.config/discord/0.0.26/modules/pending/discord_utils-1.zip: 9%
2023-04-15T23:22:12.086Z [Modules] Streaming discord_utils@1 to /home/aatrox/.config/discord/0.0.26/modules/pending/discord_utils-1.zip: 10%
2023-04-15T23:22:12.183Z [Modules] Streaming discord_utils@1 to /home/aatrox/.config/discord/0.0.26/modules/pending/discord_utils-1.zip: 11%
2023-04-15T23:22:12.192Z [Modules] Streaming discord_utils@1 to /home/aatrox/.config/discord/0.0.26/modules/pending/discord_utils-1.zip: 12%
2023-04-15T23:22:12.197Z [Modules] Streaming discord_utils@1 to /home/aatrox/.config/discord/0.0.26/modules/pending/discord_utils-1.zip: 14%
2023-04-15T23:22:12.205Z [Modules] Streaming discord_utils@1 to /home/aatrox/.config/discord/0.0.26/modules/pending/discord_utils-1.zip: 15%
2023-04-15T23:22:12.207Z [Modules] Streaming discord_utils@1 to /home/aatrox/.config/discord/0.0.26/modules/pending/discord_utils-1.zip: 16%
2023-04-15T23:22:12.210Z [Modules] Streaming discord_utils@1 to /home/aatrox/.config/discord/0.0.26/modules/pending/discord_utils-1.zip: 17%
2023-04-15T23:22:12.218Z [Modules] Streaming discord_utils@1 to /home/aatrox/.config/discord/0.0.26/modules/pending/discord_utils-1.zip: 18%
2023-04-15T23:22:12.227Z [Modules] Streaming discord_utils@1 to /home/aatrox/.config/discord/0.0.26/modules/pending/discord_utils-1.zip: 19%
2023-04-15T23:22:12.230Z [Modules] Streaming discord_utils@1 to /home/aatrox/.config/discord/0.0.26/modules/pending/discord_utils-1.zip: 20%
2023-04-15T23:22:12.238Z [Modules] Streaming discord_utils@1 to /home/aatrox/.config/discord/0.0.26/modules/pending/discord_utils-1.zip: 21%
2023-04-15T23:22:12.241Z [Modules] Streaming discord_utils@1 to /home/aatrox/.config/discord/0.0.26/modules/pending/discord_utils-1.zip: 22%
2023-04-15T23:22:12.249Z [Modules] Streaming discord_utils@1 to /home/aatrox/.config/discord/0.0.26/modules/pending/discord_utils-1.zip: 23%
2023-04-15T23:22:12.262Z [Modules] Streaming discord_utils@1 to /home/aatrox/.config/discord/0.0.26/modules/pending/discord_utils-1.zip: 24%
2023-04-15T23:22:12.275Z [Modules] Streaming discord_utils@1 to /home/aatrox/.config/discord/0.0.26/modules/pending/discord_utils-1.zip: 25%
2023-04-15T23:22:12.280Z [Modules] Streaming discord_utils@1 to /home/aatrox/.config/discord/0.0.26/modules/pending/discord_utils-1.zip: 26%
2023-04-15T23:22:12.285Z [Modules] Streaming discord_utils@1 to /home/aatrox/.config/discord/0.0.26/modules/pending/discord_utils-1.zip: 27%
2023-04-15T23:22:12.291Z [Modules] Streaming discord_utils@1 to /home/aatrox/.config/discord/0.0.26/modules/pending/discord_utils-1.zip: 28%
2023-04-15T23:22:12.308Z [Modules] Streaming discord_utils@1 to /home/aatrox/.config/discord/0.0.26/modules/pending/discord_utils-1.zip: 29%
2023-04-15T23:22:12.318Z [Modules] Streaming discord_utils@1 to /home/aatrox/.config/discord/0.0.26/modules/pending/discord_utils-1.zip: 30%
2023-04-15T23:22:12.322Z [Modules] Streaming discord_utils@1 to /home/aatrox/.config/discord/0.0.26/modules/pending/discord_utils-1.zip: 31%
2023-04-15T23:22:12.329Z [Modules] Streaming discord_utils@1 to /home/aatrox/.config/discord/0.0.26/modules/pending/discord_utils-1.zip: 32%
2023-04-15T23:22:12.337Z [Modules] Streaming discord_utils@1 to /home/aatrox/.config/discord/0.0.26/modules/pending/discord_utils-1.zip: 34%
2023-04-15T23:22:12.351Z [Modules] Streaming discord_utils@1 to /home/aatrox/.config/discord/0.0.26/modules/pending/discord_utils-1.zip: 35%
2023-04-15T23:22:12.360Z [Modules] Streaming discord_utils@1 to /home/aatrox/.config/discord/0.0.26/modules/pending/discord_utils-1.zip: 36%
2023-04-15T23:22:12.366Z [Modules] Streaming discord_utils@1 to /home/aatrox/.config/discord/0.0.26/modules/pending/discord_utils-1.zip: 37%
2023-04-15T23:22:12.368Z [Modules] Streaming discord_utils@1 to /home/aatrox/.config/discord/0.0.26/modules/pending/discord_utils-1.zip: 38%
2023-04-15T23:22:12.375Z [Modules] Streaming discord_utils@1 to /home/aatrox/.config/discord/0.0.26/modules/pending/discord_utils-1.zip: 39%
2023-04-15T23:22:12.383Z [Modules] Streaming discord_utils@1 to /home/aatrox/.config/discord/0.0.26/modules/pending/discord_utils-1.zip: 40%
2023-04-15T23:22:12.393Z [Modules] Streaming discord_utils@1 to /home/aatrox/.config/discord/0.0.26/modules/pending/discord_utils-1.zip: 41%
2023-04-15T23:22:12.404Z [Modules] Streaming discord_utils@1 to /home/aatrox/.config/discord/0.0.26/modules/pending/discord_utils-1.zip: 42%
2023-04-15T23:22:12.413Z [Modules] Streaming discord_utils@1 to /home/aatrox/.config/discord/0.0.26/modules/pending/discord_utils-1.zip: 43%
2023-04-15T23:22:12.420Z [Modules] Streaming discord_utils@1 to /home/aatrox/.config/discord/0.0.26/modules/pending/discord_utils-1.zip: 44%
2023-04-15T23:22:12.427Z [Modules] Streaming discord_utils@1 to /home/aatrox/.config/discord/0.0.26/modules/pending/discord_utils-1.zip: 45%
2023-04-15T23:22:12.436Z [Modules] Streaming discord_utils@1 to /home/aatrox/.config/discord/0.0.26/modules/pending/discord_utils-1.zip: 46%
2023-04-15T23:22:12.438Z [Modules] Streaming discord_utils@1 to /home/aatrox/.config/discord/0.0.26/modules/pending/discord_utils-1.zip: 47%
2023-04-15T23:22:12.445Z [Modules] Streaming discord_utils@1 to /home/aatrox/.config/discord/0.0.26/modules/pending/discord_utils-1.zip: 48%
2023-04-15T23:22:12.454Z [Modules] Streaming discord_utils@1 to /home/aatrox/.config/discord/0.0.26/modules/pending/discord_utils-1.zip: 49%
2023-04-15T23:22:12.469Z [Modules] Streaming discord_utils@1 to /home/aatrox/.config/discord/0.0.26/modules/pending/discord_utils-1.zip: 50%
2023-04-15T23:22:12.476Z [Modules] Streaming discord_utils@1 to /home/aatrox/.config/discord/0.0.26/modules/pending/discord_utils-1.zip: 51%
2023-04-15T23:22:12.486Z [Modules] Streaming discord_utils@1 to /home/aatrox/.config/discord/0.0.26/modules/pending/discord_utils-1.zip: 52%
2023-04-15T23:22:12.525Z [Modules] Streaming discord_utils@1 to /home/aatrox/.config/discord/0.0.26/modules/pending/discord_utils-1.zip: 53%
2023-04-15T23:22:12.526Z [Modules] Streaming discord_utils@1 to /home/aatrox/.config/discord/0.0.26/modules/pending/discord_utils-1.zip: 55%
2023-04-15T23:22:12.526Z [Modules] Streaming discord_utils@1 to /home/aatrox/.config/discord/0.0.26/modules/pending/discord_utils-1.zip: 57%
2023-04-15T23:22:12.530Z [Modules] Streaming discord_utils@1 to /home/aatrox/.config/discord/0.0.26/modules/pending/discord_utils-1.zip: 58%
2023-04-15T23:22:12.537Z [Modules] Streaming discord_utils@1 to /home/aatrox/.config/discord/0.0.26/modules/pending/discord_utils-1.zip: 60%
2023-04-15T23:22:12.544Z [Modules] Streaming discord_utils@1 to /home/aatrox/.config/discord/0.0.26/modules/pending/discord_utils-1.zip: 61%
2023-04-15T23:22:12.557Z [Modules] Streaming discord_utils@1 to /home/aatrox/.config/discord/0.0.26/modules/pending/discord_utils-1.zip: 63%
2023-04-15T23:22:12.572Z [Modules] Streaming discord_utils@1 to /home/aatrox/.config/discord/0.0.26/modules/pending/discord_utils-1.zip: 64%
2023-04-15T23:22:12.575Z [Modules] Streaming discord_utils@1 to /home/aatrox/.config/discord/0.0.26/modules/pending/discord_utils-1.zip: 65%
2023-04-15T23:22:12.587Z [Modules] Streaming discord_utils@1 to /home/aatrox/.config/discord/0.0.26/modules/pending/discord_utils-1.zip: 66%
2023-04-15T23:22:12.593Z [Modules] Streaming discord_utils@1 to /home/aatrox/.config/discord/0.0.26/modules/pending/discord_utils-1.zip: 67%
2023-04-15T23:22:12.602Z [Modules] Streaming discord_utils@1 to /home/aatrox/.config/discord/0.0.26/modules/pending/discord_utils-1.zip: 68%
2023-04-15T23:22:12.604Z [Modules] Streaming discord_utils@1 to /home/aatrox/.config/discord/0.0.26/modules/pending/discord_utils-1.zip: 69%
2023-04-15T23:22:12.614Z [Modules] Streaming discord_utils@1 to /home/aatrox/.config/discord/0.0.26/modules/pending/discord_utils-1.zip: 70%
2023-04-15T23:22:12.618Z [Modules] Streaming discord_utils@1 to /home/aatrox/.config/discord/0.0.26/modules/pending/discord_utils-1.zip: 71%
2023-04-15T23:22:12.625Z [Modules] Streaming discord_utils@1 to /home/aatrox/.config/discord/0.0.26/modules/pending/discord_utils-1.zip: 72%
2023-04-15T23:22:12.630Z [Modules] Streaming discord_utils@1 to /home/aatrox/.config/discord/0.0.26/modules/pending/discord_utils-1.zip: 73%
2023-04-15T23:22:12.638Z [Modules] Streaming discord_utils@1 to /home/aatrox/.config/discord/0.0.26/modules/pending/discord_utils-1.zip: 74%
2023-04-15T23:22:12.640Z [Modules] Streaming discord_utils@1 to /home/aatrox/.config/discord/0.0.26/modules/pending/discord_utils-1.zip: 75%
2023-04-15T23:22:12.647Z [Modules] Streaming discord_utils@1 to /home/aatrox/.config/discord/0.0.26/modules/pending/discord_utils-1.zip: 76%
2023-04-15T23:22:12.652Z [Modules] Streaming discord_utils@1 to /home/aatrox/.config/discord/0.0.26/modules/pending/discord_utils-1.zip: 77%
2023-04-15T23:22:12.656Z [Modules] Streaming discord_utils@1 to /home/aatrox/.config/discord/0.0.26/modules/pending/discord_utils-1.zip: 78%
2023-04-15T23:22:12.671Z [Modules] Streaming discord_utils@1 to /home/aatrox/.config/discord/0.0.26/modules/pending/discord_utils-1.zip: 79%
2023-04-15T23:22:12.681Z [Modules] Streaming discord_utils@1 to /home/aatrox/.config/discord/0.0.26/modules/pending/discord_utils-1.zip: 80%
2023-04-15T23:22:12.684Z [Modules] Streaming discord_utils@1 to /home/aatrox/.config/discord/0.0.26/modules/pending/discord_utils-1.zip: 81%
2023-04-15T23:22:12.692Z [Modules] Streaming discord_utils@1 to /home/aatrox/.config/discord/0.0.26/modules/pending/discord_utils-1.zip: 82%
2023-04-15T23:22:12.697Z [Modules] Streaming discord_utils@1 to /home/aatrox/.config/discord/0.0.26/modules/pending/discord_utils-1.zip: 83%
2023-04-15T23:22:12.703Z [Modules] Streaming discord_utils@1 to /home/aatrox/.config/discord/0.0.26/modules/pending/discord_utils-1.zip: 84%
2023-04-15T23:22:12.710Z [Modules] Streaming discord_utils@1 to /home/aatrox/.config/discord/0.0.26/modules/pending/discord_utils-1.zip: 85%
2023-04-15T23:22:12.723Z [Modules] Streaming discord_utils@1 to /home/aatrox/.config/discord/0.0.26/modules/pending/discord_utils-1.zip: 86%
2023-04-15T23:22:12.732Z [Modules] Streaming discord_utils@1 to /home/aatrox/.config/discord/0.0.26/modules/pending/discord_utils-1.zip: 87%
2023-04-15T23:22:12.758Z [Modules] Streaming discord_utils@1 to /home/aatrox/.config/discord/0.0.26/modules/pending/discord_utils-1.zip: 90%
2023-04-15T23:22:12.759Z [Modules] Streaming discord_utils@1 to /home/aatrox/.config/discord/0.0.26/modules/pending/discord_utils-1.zip: 92%
2023-04-15T23:22:12.770Z [Modules] Streaming discord_utils@1 to /home/aatrox/.config/discord/0.0.26/modules/pending/discord_utils-1.zip: 93%
2023-04-15T23:22:12.774Z [Modules] Streaming discord_utils@1 to /home/aatrox/.config/discord/0.0.26/modules/pending/discord_utils-1.zip: 94%
2023-04-15T23:22:12.779Z [Modules] Streaming discord_utils@1 to /home/aatrox/.config/discord/0.0.26/modules/pending/discord_utils-1.zip: 95%
2023-04-15T23:22:12.785Z [Modules] Streaming discord_utils@1 to /home/aatrox/.config/discord/0.0.26/modules/pending/discord_utils-1.zip: 96%
2023-04-15T23:22:12.801Z [Modules] Streaming discord_utils@1 to /home/aatrox/.config/discord/0.0.26/modules/pending/discord_utils-1.zip: 97%
2023-04-15T23:22:12.804Z [Modules] Streaming discord_utils@1 to /home/aatrox/.config/discord/0.0.26/modules/pending/discord_utils-1.zip: 99%
2023-04-15T23:22:12.808Z [Modules] Streaming discord_utils@1 to /home/aatrox/.config/discord/0.0.26/modules/pending/discord_utils-1.zip: 100%
2023-04-15T23:22:12.810Z [Modules] Fetching discord_voice@1 from https://discord.com/api/modules/stable/discord_voice/1
2023-04-15T23:22:12.811Z [Modules] Streaming discord_voice@1 to /home/aatrox/.config/discord/0.0.26/modules/pending/discord_voice-1.zip
2023-04-15T23:22:12.998Z [Modules] Streaming discord_voice@1 to /home/aatrox/.config/discord/0.0.26/modules/pending/discord_voice-1.zip: 1%
2023-04-15T23:22:13.042Z [Modules] Streaming discord_voice@1 to /home/aatrox/.config/discord/0.0.26/modules/pending/discord_voice-1.zip: 2%
2023-04-15T23:22:13.101Z [Modules] Streaming discord_voice@1 to /home/aatrox/.config/discord/0.0.26/modules/pending/discord_voice-1.zip: 3%
2023-04-15T23:22:13.141Z [Modules] Streaming discord_voice@1 to /home/aatrox/.config/discord/0.0.26/modules/pending/discord_voice-1.zip: 4%
2023-04-15T23:22:13.192Z [Modules] Streaming discord_voice@1 to /home/aatrox/.config/discord/0.0.26/modules/pending/discord_voice-1.zip: 5%
2023-04-15T23:22:13.240Z [Modules] Streaming discord_voice@1 to /home/aatrox/.config/discord/0.0.26/modules/pending/discord_voice-1.zip: 6%
2023-04-15T23:22:13.283Z [Modules] Streaming discord_voice@1 to /home/aatrox/.config/discord/0.0.26/modules/pending/discord_voice-1.zip: 7%
2023-04-15T23:22:13.334Z [Modules] Streaming discord_voice@1 to /home/aatrox/.config/discord/0.0.26/modules/pending/discord_voice-1.zip: 8%
2023-04-15T23:22:13.370Z [Modules] Streaming discord_voice@1 to /home/aatrox/.config/discord/0.0.26/modules/pending/discord_voice-1.zip: 9%
2023-04-15T23:22:13.416Z [Modules] Streaming discord_voice@1 to /home/aatrox/.config/discord/0.0.26/modules/pending/discord_voice-1.zip: 10%
2023-04-15T23:22:13.458Z [Modules] Streaming discord_voice@1 to /home/aatrox/.config/discord/0.0.26/modules/pending/discord_voice-1.zip: 11%
2023-04-15T23:22:13.525Z [Modules] Streaming discord_voice@1 to /home/aatrox/.config/discord/0.0.26/modules/pending/discord_voice-1.zip: 12%
2023-04-15T23:22:13.569Z [Modules] Streaming discord_voice@1 to /home/aatrox/.config/discord/0.0.26/modules/pending/discord_voice-1.zip: 13%
2023-04-15T23:22:13.617Z [Modules] Streaming discord_voice@1 to /home/aatrox/.config/discord/0.0.26/modules/pending/discord_voice-1.zip: 14%
2023-04-15T23:22:13.657Z [Modules] Streaming discord_voice@1 to /home/aatrox/.config/discord/0.0.26/modules/pending/discord_voice-1.zip: 15%
2023-04-15T23:22:13.703Z [Modules] Streaming discord_voice@1 to /home/aatrox/.config/discord/0.0.26/modules/pending/discord_voice-1.zip: 16%
2023-04-15T23:22:13.744Z [Modules] Streaming discord_voice@1 to /home/aatrox/.config/discord/0.0.26/modules/pending/discord_voice-1.zip: 17%
2023-04-15T23:22:13.786Z [Modules] Streaming discord_voice@1 to /home/aatrox/.config/discord/0.0.26/modules/pending/discord_voice-1.zip: 18%
2023-04-15T23:22:13.844Z [Modules] Streaming discord_voice@1 to /home/aatrox/.config/discord/0.0.26/modules/pending/discord_voice-1.zip: 19%
2023-04-15T23:22:13.886Z [Modules] Streaming discord_voice@1 to /home/aatrox/.config/discord/0.0.26/modules/pending/discord_voice-1.zip: 20%
2023-04-15T23:22:13.934Z [Modules] Streaming discord_voice@1 to /home/aatrox/.config/discord/0.0.26/modules/pending/discord_voice-1.zip: 21%
2023-04-15T23:22:14.003Z [Modules] Streaming discord_voice@1 to /home/aatrox/.config/discord/0.0.26/modules/pending/discord_voice-1.zip: 22%
2023-04-15T23:22:14.042Z [Modules] Streaming discord_voice@1 to /home/aatrox/.config/discord/0.0.26/modules/pending/discord_voice-1.zip: 23%
2023-04-15T23:22:14.103Z [Modules] Streaming discord_voice@1 to /home/aatrox/.config/discord/0.0.26/modules/pending/discord_voice-1.zip: 24%
2023-04-15T23:22:14.130Z [Modules] Streaming discord_voice@1 to /home/aatrox/.config/discord/0.0.26/modules/pending/discord_voice-1.zip: 25%
2023-04-15T23:22:14.162Z [Modules] Streaming discord_voice@1 to /home/aatrox/.config/discord/0.0.26/modules/pending/discord_voice-1.zip: 26%
2023-04-15T23:22:14.218Z [Modules] Streaming discord_voice@1 to /home/aatrox/.config/discord/0.0.26/modules/pending/discord_voice-1.zip: 27%
2023-04-15T23:22:14.256Z [Modules] Streaming discord_voice@1 to /home/aatrox/.config/discord/0.0.26/modules/pending/discord_voice-1.zip: 28%
2023-04-15T23:22:14.313Z [Modules] Streaming discord_voice@1 to /home/aatrox/.config/discord/0.0.26/modules/pending/discord_voice-1.zip: 29%
2023-04-15T23:22:14.356Z [Modules] Streaming discord_voice@1 to /home/aatrox/.config/discord/0.0.26/modules/pending/discord_voice-1.zip: 30%
2023-04-15T23:22:14.399Z [Modules] Streaming discord_voice@1 to /home/aatrox/.config/discord/0.0.26/modules/pending/discord_voice-1.zip: 31%
2023-04-15T23:22:14.434Z [Modules] Streaming discord_voice@1 to /home/aatrox/.config/discord/0.0.26/modules/pending/discord_voice-1.zip: 32%
2023-04-15T23:22:14.487Z [Modules] Streaming discord_voice@1 to /home/aatrox/.config/discord/0.0.26/modules/pending/discord_voice-1.zip: 33%
2023-04-15T23:22:14.530Z [Modules] Streaming discord_voice@1 to /home/aatrox/.config/discord/0.0.26/modules/pending/discord_voice-1.zip: 34%
2023-04-15T23:22:14.573Z [Modules] Streaming discord_voice@1 to /home/aatrox/.config/discord/0.0.26/modules/pending/discord_voice-1.zip: 35%
2023-04-15T23:22:14.624Z [Modules] Streaming discord_voice@1 to /home/aatrox/.config/discord/0.0.26/modules/pending/discord_voice-1.zip: 36%
2023-04-15T23:22:14.665Z [Modules] Streaming discord_voice@1 to /home/aatrox/.config/discord/0.0.26/modules/pending/discord_voice-1.zip: 37%
2023-04-15T23:22:14.708Z [Modules] Streaming discord_voice@1 to /home/aatrox/.config/discord/0.0.26/modules/pending/discord_voice-1.zip: 38%
2023-04-15T23:22:14.760Z [Modules] Streaming discord_voice@1 to /home/aatrox/.config/discord/0.0.26/modules/pending/discord_voice-1.zip: 39%
2023-04-15T23:22:14.796Z [Modules] Streaming discord_voice@1 to /home/aatrox/.config/discord/0.0.26/modules/pending/discord_voice-1.zip: 40%
2023-04-15T23:22:14.848Z [Modules] Streaming discord_voice@1 to /home/aatrox/.config/discord/0.0.26/modules/pending/discord_voice-1.zip: 41%
2023-04-15T23:22:14.888Z [Modules] Streaming discord_voice@1 to /home/aatrox/.config/discord/0.0.26/modules/pending/discord_voice-1.zip: 42%
2023-04-15T23:22:14.942Z [Modules] Streaming discord_voice@1 to /home/aatrox/.config/discord/0.0.26/modules/pending/discord_voice-1.zip: 43%
2023-04-15T23:22:14.988Z [Modules] Streaming discord_voice@1 to /home/aatrox/.config/discord/0.0.26/modules/pending/discord_voice-1.zip: 44%
2023-04-15T23:22:15.035Z [Modules] Streaming discord_voice@1 to /home/aatrox/.config/discord/0.0.26/modules/pending/discord_voice-1.zip: 45%
2023-04-15T23:22:15.090Z [Modules] Streaming discord_voice@1 to /home/aatrox/.config/discord/0.0.26/modules/pending/discord_voice-1.zip: 46%
2023-04-15T23:22:15.138Z [Modules] Streaming discord_voice@1 to /home/aatrox/.config/discord/0.0.26/modules/pending/discord_voice-1.zip: 47%
2023-04-15T23:22:15.172Z [Modules] Streaming discord_voice@1 to /home/aatrox/.config/discord/0.0.26/modules/pending/discord_voice-1.zip: 48%
2023-04-15T23:22:15.217Z [Modules] Streaming discord_voice@1 to /home/aatrox/.config/discord/0.0.26/modules/pending/discord_voice-1.zip: 49%
2023-04-15T23:22:15.257Z [Modules] Streaming discord_voice@1 to /home/aatrox/.config/discord/0.0.26/modules/pending/discord_voice-1.zip: 50%
2023-04-15T23:22:15.305Z [Modules] Streaming discord_voice@1 to /home/aatrox/.config/discord/0.0.26/modules/pending/discord_voice-1.zip: 51%
2023-04-15T23:22:15.358Z [Modules] Streaming discord_voice@1 to /home/aatrox/.config/discord/0.0.26/modules/pending/discord_voice-1.zip: 52%
2023-04-15T23:22:15.401Z [Modules] Streaming discord_voice@1 to /home/aatrox/.config/discord/0.0.26/modules/pending/discord_voice-1.zip: 53%
2023-04-15T23:22:15.441Z [Modules] Streaming discord_voice@1 to /home/aatrox/.config/discord/0.0.26/modules/pending/discord_voice-1.zip: 54%
2023-04-15T23:22:15.486Z [Modules] Streaming discord_voice@1 to /home/aatrox/.config/discord/0.0.26/modules/pending/discord_voice-1.zip: 55%
2023-04-15T23:22:15.524Z [Modules] Streaming discord_voice@1 to /home/aatrox/.config/discord/0.0.26/modules/pending/discord_voice-1.zip: 56%
2023-04-15T23:22:15.574Z [Modules] Streaming discord_voice@1 to /home/aatrox/.config/discord/0.0.26/modules/pending/discord_voice-1.zip: 57%
2023-04-15T23:22:15.622Z [Modules] Streaming discord_voice@1 to /home/aatrox/.config/discord/0.0.26/modules/pending/discord_voice-1.zip: 58%
2023-04-15T23:22:15.669Z [Modules] Streaming discord_voice@1 to /home/aatrox/.config/discord/0.0.26/modules/pending/discord_voice-1.zip: 59%
2023-04-15T23:22:15.714Z [Modules] Streaming discord_voice@1 to /home/aatrox/.config/discord/0.0.26/modules/pending/discord_voice-1.zip: 60%
2023-04-15T23:22:15.761Z [Modules] Streaming discord_voice@1 to /home/aatrox/.config/discord/0.0.26/modules/pending/discord_voice-1.zip: 61%
2023-04-15T23:22:15.804Z [Modules] Streaming discord_voice@1 to /home/aatrox/.config/discord/0.0.26/modules/pending/discord_voice-1.zip: 62%
2023-04-15T23:22:15.852Z [Modules] Streaming discord_voice@1 to /home/aatrox/.config/discord/0.0.26/modules/pending/discord_voice-1.zip: 63%
2023-04-15T23:22:15.903Z [Modules] Streaming discord_voice@1 to /home/aatrox/.config/discord/0.0.26/modules/pending/discord_voice-1.zip: 64%
2023-04-15T23:22:15.950Z [Modules] Streaming discord_voice@1 to /home/aatrox/.config/discord/0.0.26/modules/pending/discord_voice-1.zip: 65%
2023-04-15T23:22:15.985Z [Modules] Streaming discord_voice@1 to /home/aatrox/.config/discord/0.0.26/modules/pending/discord_voice-1.zip: 66%
2023-04-15T23:22:16.026Z [Modules] Streaming discord_voice@1 to /home/aatrox/.config/discord/0.0.26/modules/pending/discord_voice-1.zip: 67%
2023-04-15T23:22:16.082Z [Modules] Streaming discord_voice@1 to /home/aatrox/.config/discord/0.0.26/modules/pending/discord_voice-1.zip: 68%
2023-04-15T23:22:16.122Z [Modules] Streaming discord_voice@1 to /home/aatrox/.config/discord/0.0.26/modules/pending/discord_voice-1.zip: 69%
2023-04-15T23:22:16.182Z [Modules] Streaming discord_voice@1 to /home/aatrox/.config/discord/0.0.26/modules/pending/discord_voice-1.zip: 70%
2023-04-15T23:22:16.220Z [Modules] Streaming discord_voice@1 to /home/aatrox/.config/discord/0.0.26/modules/pending/discord_voice-1.zip: 71%
2023-04-15T23:22:16.273Z [Modules] Streaming discord_voice@1 to /home/aatrox/.config/discord/0.0.26/modules/pending/discord_voice-1.zip: 72%
2023-04-15T23:22:16.316Z [Modules] Streaming discord_voice@1 to /home/aatrox/.config/discord/0.0.26/modules/pending/discord_voice-1.zip: 73%
2023-04-15T23:22:16.362Z [Modules] Streaming discord_voice@1 to /home/aatrox/.config/discord/0.0.26/modules/pending/discord_voice-1.zip: 74%
2023-04-15T23:22:16.403Z [Modules] Streaming discord_voice@1 to /home/aatrox/.config/discord/0.0.26/modules/pending/discord_voice-1.zip: 75%
2023-04-15T23:22:16.456Z [Modules] Streaming discord_voice@1 to /home/aatrox/.config/discord/0.0.26/modules/pending/discord_voice-1.zip: 76%
2023-04-15T23:22:16.501Z [Modules] Streaming discord_voice@1 to /home/aatrox/.config/discord/0.0.26/modules/pending/discord_voice-1.zip: 77%
2023-04-15T23:22:16.549Z [Modules] Streaming discord_voice@1 to /home/aatrox/.config/discord/0.0.26/modules/pending/discord_voice-1.zip: 78%
2023-04-15T23:22:16.590Z [Modules] Streaming discord_voice@1 to /home/aatrox/.config/discord/0.0.26/modules/pending/discord_voice-1.zip: 79%
2023-04-15T23:22:16.642Z [Modules] Streaming discord_voice@1 to /home/aatrox/.config/discord/0.0.26/modules/pending/discord_voice-1.zip: 80%
2023-04-15T23:22:16.684Z [Modules] Streaming discord_voice@1 to /home/aatrox/.config/discord/0.0.26/modules/pending/discord_voice-1.zip: 81%
2023-04-15T23:22:16.728Z [Modules] Streaming discord_voice@1 to /home/aatrox/.config/discord/0.0.26/modules/pending/discord_voice-1.zip: 82%
2023-04-15T23:22:16.769Z [Modules] Streaming discord_voice@1 to /home/aatrox/.config/discord/0.0.26/modules/pending/discord_voice-1.zip: 83%
2023-04-15T23:22:16.813Z [Modules] Streaming discord_voice@1 to /home/aatrox/.config/discord/0.0.26/modules/pending/discord_voice-1.zip: 84%
2023-04-15T23:22:16.853Z [Modules] Streaming discord_voice@1 to /home/aatrox/.config/discord/0.0.26/modules/pending/discord_voice-1.zip: 85%
2023-04-15T23:22:16.900Z [Modules] Streaming discord_voice@1 to /home/aatrox/.config/discord/0.0.26/modules/pending/discord_voice-1.zip: 86%
2023-04-15T23:22:16.944Z [Modules] Streaming discord_voice@1 to /home/aatrox/.config/discord/0.0.26/modules/pending/discord_voice-1.zip: 87%
2023-04-15T23:22:17.006Z [Modules] Streaming discord_voice@1 to /home/aatrox/.config/discord/0.0.26/modules/pending/discord_voice-1.zip: 88%
2023-04-15T23:22:17.054Z [Modules] Streaming discord_voice@1 to /home/aatrox/.config/discord/0.0.26/modules/pending/discord_voice-1.zip: 89%
2023-04-15T23:22:17.101Z [Modules] Streaming discord_voice@1 to /home/aatrox/.config/discord/0.0.26/modules/pending/discord_voice-1.zip: 90%
2023-04-15T23:22:17.142Z [Modules] Streaming discord_voice@1 to /home/aatrox/.config/discord/0.0.26/modules/pending/discord_voice-1.zip: 91%
2023-04-15T23:22:17.192Z [Modules] Streaming discord_voice@1 to /home/aatrox/.config/discord/0.0.26/modules/pending/discord_voice-1.zip: 92%
2023-04-15T23:22:17.242Z [Modules] Streaming discord_voice@1 to /home/aatrox/.config/discord/0.0.26/modules/pending/discord_voice-1.zip: 93%
2023-04-15T23:22:17.282Z [Modules] Streaming discord_voice@1 to /home/aatrox/.config/discord/0.0.26/modules/pending/discord_voice-1.zip: 94%
2023-04-15T23:22:17.326Z [Modules] Streaming discord_voice@1 to /home/aatrox/.config/discord/0.0.26/modules/pending/discord_voice-1.zip: 95%
2023-04-15T23:22:17.383Z [Modules] Streaming discord_voice@1 to /home/aatrox/.config/discord/0.0.26/modules/pending/discord_voice-1.zip: 96%
2023-04-15T23:22:17.410Z [Modules] Streaming discord_voice@1 to /home/aatrox/.config/discord/0.0.26/modules/pending/discord_voice-1.zip: 97%
2023-04-15T23:22:17.461Z [Modules] Streaming discord_voice@1 to /home/aatrox/.config/discord/0.0.26/modules/pending/discord_voice-1.zip: 98%
2023-04-15T23:22:17.512Z [Modules] Streaming discord_voice@1 to /home/aatrox/.config/discord/0.0.26/modules/pending/discord_voice-1.zip: 99%
2023-04-15T23:22:17.550Z [Modules] Streaming discord_voice@1 to /home/aatrox/.config/discord/0.0.26/modules/pending/discord_voice-1.zip: 100%
2023-04-15T23:22:17.553Z [Modules] Finished module downloads. [success: 5] [failure: 0]
2023-04-15T23:22:17.553Z [Modules] Installing updates...
2023-04-15T23:22:17.553Z [Modules] Installing discord_desktop_core@1 from /home/aatrox/.config/discord/0.0.26/modules/pending/discord_desktop_core-1.zip
2023-04-15T23:22:17.778Z [Modules] Installing discord_erlpack@1 from /home/aatrox/.config/discord/0.0.26/modules/pending/discord_erlpack-1.zip
2023-04-15T23:22:18.013Z [Modules] Installing discord_spellcheck@1 from /home/aatrox/.config/discord/0.0.26/modules/pending/discord_spellcheck-1.zip
2023-04-15T23:22:20.313Z [Modules] Installing discord_utils@1 from /home/aatrox/.config/discord/0.0.26/modules/pending/discord_utils-1.zip
2023-04-15T23:22:21.525Z [Modules] Installing discord_voice@1 from /home/aatrox/.config/discord/0.0.26/modules/pending/discord_voice-1.zip
2023-04-15T23:22:23.567Z [Modules] Finished module installations. [success: 5] [failure: 0]
2023-04-15T23:22:23.567Z [Modules] Checking for host updates.
2023-04-15T23:22:23.639Z [Modules] Host is up to date.
2023-04-15T23:22:23.639Z [Modules] Checking for module updates at https://discord.com/api/modules/stable/versions.json
2023-04-15T23:22:23.651Z [Modules] No module updates available.
2023-04-15T23:22:27.181Z [Modules] Starting to install discord_krisp...
2023-04-15T23:22:27.184Z [Modules] Fetching discord_krisp@1 from https://discord.com/api/modules/stable/discord_krisp/1
2023-04-15T23:22:27.186Z [Modules] Streaming discord_krisp@1 to /home/aatrox/.config/discord/0.0.26/modules/pending/discord_krisp-1.zip
2023-04-15T23:22:27.386Z [Modules] Streaming discord_krisp@1 to /home/aatrox/.config/discord/0.0.26/modules/pending/discord_krisp-1.zip: 1%
2023-04-15T23:22:27.446Z [Modules] Streaming discord_krisp@1 to /home/aatrox/.config/discord/0.0.26/modules/pending/discord_krisp-1.zip: 2%
2023-04-15T23:22:27.498Z [Modules] Streaming discord_krisp@1 to /home/aatrox/.config/discord/0.0.26/modules/pending/discord_krisp-1.zip: 3%
2023-04-15T23:22:27.538Z [Modules] Starting to install discord_game_utils...
2023-04-15T23:22:27.553Z [Modules] Streaming discord_krisp@1 to /home/aatrox/.config/discord/0.0.26/modules/pending/discord_krisp-1.zip: 4%
2023-04-15T23:22:27.602Z [Modules] Streaming discord_krisp@1 to /home/aatrox/.config/discord/0.0.26/modules/pending/discord_krisp-1.zip: 5%
2023-04-15T23:22:27.653Z [Modules] Streaming discord_krisp@1 to /home/aatrox/.config/discord/0.0.26/modules/pending/discord_krisp-1.zip: 6%
2023-04-15T23:22:27.706Z [Modules] Streaming discord_krisp@1 to /home/aatrox/.config/discord/0.0.26/modules/pending/discord_krisp-1.zip: 7%
2023-04-15T23:22:27.766Z [Modules] Streaming discord_krisp@1 to /home/aatrox/.config/discord/0.0.26/modules/pending/discord_krisp-1.zip: 8%
2023-04-15T23:22:27.808Z [Modules] Streaming discord_krisp@1 to /home/aatrox/.config/discord/0.0.26/modules/pending/discord_krisp-1.zip: 9%
2023-04-15T23:22:27.863Z [Modules] Streaming discord_krisp@1 to /home/aatrox/.config/discord/0.0.26/modules/pending/discord_krisp-1.zip: 10%
2023-04-15T23:22:27.926Z [Modules] Streaming discord_krisp@1 to /home/aatrox/.config/discord/0.0.26/modules/pending/discord_krisp-1.zip: 11%
2023-04-15T23:22:27.982Z [Modules] Streaming discord_krisp@1 to /home/aatrox/.config/discord/0.0.26/modules/pending/discord_krisp-1.zip: 12%
2023-04-15T23:22:28.028Z [Modules] Streaming discord_krisp@1 to /home/aatrox/.config/discord/0.0.26/modules/pending/discord_krisp-1.zip: 13%
2023-04-15T23:22:28.085Z [Modules] Streaming discord_krisp@1 to /home/aatrox/.config/discord/0.0.26/modules/pending/discord_krisp-1.zip: 14%
2023-04-15T23:22:28.151Z [Modules] Streaming discord_krisp@1 to /home/aatrox/.config/discord/0.0.26/modules/pending/discord_krisp-1.zip: 15%
2023-04-15T23:22:28.246Z [Modules] Streaming discord_krisp@1 to /home/aatrox/.config/discord/0.0.26/modules/pending/discord_krisp-1.zip: 16%
2023-04-15T23:22:28.640Z [Modules] Streaming discord_krisp@1 to /home/aatrox/.config/discord/0.0.26/modules/pending/discord_krisp-1.zip: 17%
2023-04-15T23:22:28.776Z [Modules] Streaming discord_krisp@1 to /home/aatrox/.config/discord/0.0.26/modules/pending/discord_krisp-1.zip: 18%
2023-04-15T23:22:28.873Z [Modules] Streaming discord_krisp@1 to /home/aatrox/.config/discord/0.0.26/modules/pending/discord_krisp-1.zip: 19%
2023-04-15T23:22:28.912Z [Modules] Streaming discord_krisp@1 to /home/aatrox/.config/discord/0.0.26/modules/pending/discord_krisp-1.zip: 20%
2023-04-15T23:22:28.922Z [Modules] Streaming discord_krisp@1 to /home/aatrox/.config/discord/0.0.26/modules/pending/discord_krisp-1.zip: 21%
2023-04-15T23:22:28.935Z [Modules] Streaming discord_krisp@1 to /home/aatrox/.config/discord/0.0.26/modules/pending/discord_krisp-1.zip: 22%
2023-04-15T23:22:28.959Z [Modules] Streaming discord_krisp@1 to /home/aatrox/.config/discord/0.0.26/modules/pending/discord_krisp-1.zip: 25%
2023-04-15T23:22:28.968Z [Modules] Streaming discord_krisp@1 to /home/aatrox/.config/discord/0.0.26/modules/pending/discord_krisp-1.zip: 26%
2023-04-15T23:22:29.055Z [Modules] Streaming discord_krisp@1 to /home/aatrox/.config/discord/0.0.26/modules/pending/discord_krisp-1.zip: 27%
2023-04-15T23:22:29.093Z [Modules] Streaming discord_krisp@1 to /home/aatrox/.config/discord/0.0.26/modules/pending/discord_krisp-1.zip: 28%
2023-04-15T23:22:29.137Z [Modules] Streaming discord_krisp@1 to /home/aatrox/.config/discord/0.0.26/modules/pending/discord_krisp-1.zip: 29%
2023-04-15T23:22:29.194Z [Modules] Streaming discord_krisp@1 to /home/aatrox/.config/discord/0.0.26/modules/pending/discord_krisp-1.zip: 30%
2023-04-15T23:22:29.242Z [Modules] Streaming discord_krisp@1 to /home/aatrox/.config/discord/0.0.26/modules/pending/discord_krisp-1.zip: 31%
2023-04-15T23:22:29.304Z [Modules] Streaming discord_krisp@1 to /home/aatrox/.config/discord/0.0.26/modules/pending/discord_krisp-1.zip: 32%
2023-04-15T23:22:29.374Z [Modules] Streaming discord_krisp@1 to /home/aatrox/.config/discord/0.0.26/modules/pending/discord_krisp-1.zip: 33%
2023-04-15T23:22:29.421Z [Modules] Streaming discord_krisp@1 to /home/aatrox/.config/discord/0.0.26/modules/pending/discord_krisp-1.zip: 34%
2023-04-15T23:22:29.538Z [Modules] Streaming discord_krisp@1 to /home/aatrox/.config/discord/0.0.26/modules/pending/discord_krisp-1.zip: 35%
2023-04-15T23:22:29.571Z [Modules] Streaming discord_krisp@1 to /home/aatrox/.config/discord/0.0.26/modules/pending/discord_krisp-1.zip: 36%
2023-04-15T23:22:29.620Z [Modules] Streaming discord_krisp@1 to /home/aatrox/.config/discord/0.0.26/modules/pending/discord_krisp-1.zip: 37%
2023-04-15T23:22:29.701Z [Modules] Streaming discord_krisp@1 to /home/aatrox/.config/discord/0.0.26/modules/pending/discord_krisp-1.zip: 38%
2023-04-15T23:22:29.751Z [Modules] Streaming discord_krisp@1 to /home/aatrox/.config/discord/0.0.26/modules/pending/discord_krisp-1.zip: 39%
2023-04-15T23:22:29.820Z [Modules] Streaming discord_krisp@1 to /home/aatrox/.config/discord/0.0.26/modules/pending/discord_krisp-1.zip: 40%
2023-04-15T23:22:29.883Z [Modules] Streaming discord_krisp@1 to /home/aatrox/.config/discord/0.0.26/modules/pending/discord_krisp-1.zip: 41%
2023-04-15T23:22:29.921Z [Modules] Streaming discord_krisp@1 to /home/aatrox/.config/discord/0.0.26/modules/pending/discord_krisp-1.zip: 42%
2023-04-15T23:22:29.993Z [Modules] Streaming discord_krisp@1 to /home/aatrox/.config/discord/0.0.26/modules/pending/discord_krisp-1.zip: 43%
2023-04-15T23:22:30.039Z [Modules] Streaming discord_krisp@1 to /home/aatrox/.config/discord/0.0.26/modules/pending/discord_krisp-1.zip: 44%
2023-04-15T23:22:30.119Z [Modules] Streaming discord_krisp@1 to /home/aatrox/.config/discord/0.0.26/modules/pending/discord_krisp-1.zip: 45%
2023-04-15T23:22:30.170Z [Modules] Streaming discord_krisp@1 to /home/aatrox/.config/discord/0.0.26/modules/pending/discord_krisp-1.zip: 46%
2023-04-15T23:22:30.291Z [Modules] Streaming discord_krisp@1 to /home/aatrox/.config/discord/0.0.26/modules/pending/discord_krisp-1.zip: 47%
2023-04-15T23:22:30.312Z [Modules] Checking for host updates.
2023-04-15T23:22:30.368Z [Modules] Streaming discord_krisp@1 to /home/aatrox/.config/discord/0.0.26/modules/pending/discord_krisp-1.zip: 48%
2023-04-15T23:22:30.430Z [Modules] Streaming discord_krisp@1 to /home/aatrox/.config/discord/0.0.26/modules/pending/discord_krisp-1.zip: 49%
2023-04-15T23:22:30.542Z [Modules] Streaming discord_krisp@1 to /home/aatrox/.config/discord/0.0.26/modules/pending/discord_krisp-1.zip: 50%
2023-04-15T23:22:30.557Z [Modules] Host is up to date.
2023-04-15T23:22:30.558Z [Modules] Checking for module updates at https://discord.com/api/modules/stable/versions.json
2023-04-15T23:22:30.566Z [Modules] No module updates available.
2023-04-15T23:22:30.604Z [Modules] Streaming discord_krisp@1 to /home/aatrox/.config/discord/0.0.26/modules/pending/discord_krisp-1.zip: 51%
2023-04-15T23:22:30.669Z [Modules] Streaming discord_krisp@1 to /home/aatrox/.config/discord/0.0.26/modules/pending/discord_krisp-1.zip: 52%
2023-04-15T23:22:30.728Z [Modules] Streaming discord_krisp@1 to /home/aatrox/.config/discord/0.0.26/modules/pending/discord_krisp-1.zip: 53%
2023-04-15T23:22:30.775Z [Modules] Streaming discord_krisp@1 to /home/aatrox/.config/discord/0.0.26/modules/pending/discord_krisp-1.zip: 54%
2023-04-15T23:22:30.844Z [Modules] Streaming discord_krisp@1 to /home/aatrox/.config/discord/0.0.26/modules/pending/discord_krisp-1.zip: 55%
2023-04-15T23:22:30.889Z [Modules] Streaming discord_krisp@1 to /home/aatrox/.config/discord/0.0.26/modules/pending/discord_krisp-1.zip: 56%
2023-04-15T23:22:30.936Z [Modules] Starting to install discord_rpc...
2023-04-15T23:22:30.970Z [Modules] Streaming discord_krisp@1 to /home/aatrox/.config/discord/0.0.26/modules/pending/discord_krisp-1.zip: 57%
2023-04-15T23:22:31.035Z [Modules] Streaming discord_krisp@1 to /home/aatrox/.config/discord/0.0.26/modules/pending/discord_krisp-1.zip: 58%
2023-04-15T23:22:31.079Z [Modules] Streaming discord_krisp@1 to /home/aatrox/.config/discord/0.0.26/modules/pending/discord_krisp-1.zip: 59%
2023-04-15T23:22:31.128Z [Modules] Streaming discord_krisp@1 to /home/aatrox/.config/discord/0.0.26/modules/pending/discord_krisp-1.zip: 60%
2023-04-15T23:22:31.179Z [Modules] Streaming discord_krisp@1 to /home/aatrox/.config/discord/0.0.26/modules/pending/discord_krisp-1.zip: 61%
2023-04-15T23:22:31.226Z [Modules] Streaming discord_krisp@1 to /home/aatrox/.config/discord/0.0.26/modules/pending/discord_krisp-1.zip: 62%
2023-04-15T23:22:31.286Z [Modules] Streaming discord_krisp@1 to /home/aatrox/.config/discord/0.0.26/modules/pending/discord_krisp-1.zip: 63%
2023-04-15T23:22:31.374Z [Modules] Streaming discord_krisp@1 to /home/aatrox/.config/discord/0.0.26/modules/pending/discord_krisp-1.zip: 64%
2023-04-15T23:22:31.414Z [Modules] Streaming discord_krisp@1 to /home/aatrox/.config/discord/0.0.26/modules/pending/discord_krisp-1.zip: 65%
2023-04-15T23:22:31.440Z [Modules] Streaming discord_krisp@1 to /home/aatrox/.config/discord/0.0.26/modules/pending/discord_krisp-1.zip: 66%
2023-04-15T23:22:31.525Z [Modules] Streaming discord_krisp@1 to /home/aatrox/.config/discord/0.0.26/modules/pending/discord_krisp-1.zip: 67%
2023-04-15T23:22:31.571Z [Modules] Streaming discord_krisp@1 to /home/aatrox/.config/discord/0.0.26/modules/pending/discord_krisp-1.zip: 68%
2023-04-15T23:22:31.628Z [Modules] Streaming discord_krisp@1 to /home/aatrox/.config/discord/0.0.26/modules/pending/discord_krisp-1.zip: 69%
2023-04-15T23:22:31.680Z [Modules] Streaming discord_krisp@1 to /home/aatrox/.config/discord/0.0.26/modules/pending/discord_krisp-1.zip: 70%
2023-04-15T23:22:31.735Z [Modules] Streaming discord_krisp@1 to /home/aatrox/.config/discord/0.0.26/modules/pending/discord_krisp-1.zip: 71%
2023-04-15T23:22:31.790Z [Modules] Streaming discord_krisp@1 to /home/aatrox/.config/discord/0.0.26/modules/pending/discord_krisp-1.zip: 72%
2023-04-15T23:22:31.836Z [Modules] Streaming discord_krisp@1 to /home/aatrox/.config/discord/0.0.26/modules/pending/discord_krisp-1.zip: 73%
2023-04-15T23:22:31.899Z [Modules] Streaming discord_krisp@1 to /home/aatrox/.config/discord/0.0.26/modules/pending/discord_krisp-1.zip: 74%
2023-04-15T23:22:31.947Z [Modules] Streaming discord_krisp@1 to /home/aatrox/.config/discord/0.0.26/modules/pending/discord_krisp-1.zip: 75%
2023-04-15T23:22:32.002Z [Modules] Streaming discord_krisp@1 to /home/aatrox/.config/discord/0.0.26/modules/pending/discord_krisp-1.zip: 76%
2023-04-15T23:22:32.065Z [Modules] Streaming discord_krisp@1 to /home/aatrox/.config/discord/0.0.26/modules/pending/discord_krisp-1.zip: 77%
2023-04-15T23:22:32.113Z [Modules] Streaming discord_krisp@1 to /home/aatrox/.config/discord/0.0.26/modules/pending/discord_krisp-1.zip: 78%
2023-04-15T23:22:32.172Z [Modules] Streaming discord_krisp@1 to /home/aatrox/.config/discord/0.0.26/modules/pending/discord_krisp-1.zip: 79%
2023-04-15T23:22:32.220Z [Modules] Streaming discord_krisp@1 to /home/aatrox/.config/discord/0.0.26/modules/pending/discord_krisp-1.zip: 80%
2023-04-15T23:22:32.281Z [Modules] Streaming discord_krisp@1 to /home/aatrox/.config/discord/0.0.26/modules/pending/discord_krisp-1.zip: 81%
2023-04-15T23:22:32.332Z [Modules] Streaming discord_krisp@1 to /home/aatrox/.config/discord/0.0.26/modules/pending/discord_krisp-1.zip: 82%
2023-04-15T23:22:32.387Z [Modules] Streaming discord_krisp@1 to /home/aatrox/.config/discord/0.0.26/modules/pending/discord_krisp-1.zip: 83%
2023-04-15T23:22:32.440Z [Modules] Streaming discord_krisp@1 to /home/aatrox/.config/discord/0.0.26/modules/pending/discord_krisp-1.zip: 84%
2023-04-15T23:22:32.495Z [Modules] Streaming discord_krisp@1 to /home/aatrox/.config/discord/0.0.26/modules/pending/discord_krisp-1.zip: 85%
2023-04-15T23:22:32.554Z [Modules] Streaming discord_krisp@1 to /home/aatrox/.config/discord/0.0.26/modules/pending/discord_krisp-1.zip: 86%
2023-04-15T23:22:32.613Z [Modules] Streaming discord_krisp@1 to /home/aatrox/.config/discord/0.0.26/modules/pending/discord_krisp-1.zip: 87%
2023-04-15T23:22:32.659Z [Modules] Streaming discord_krisp@1 to /home/aatrox/.config/discord/0.0.26/modules/pending/discord_krisp-1.zip: 88%
2023-04-15T23:22:32.725Z [Modules] Streaming discord_krisp@1 to /home/aatrox/.config/discord/0.0.26/modules/pending/discord_krisp-1.zip: 89%
2023-04-15T23:22:32.784Z [Modules] Streaming discord_krisp@1 to /home/aatrox/.config/discord/0.0.26/modules/pending/discord_krisp-1.zip: 90%
2023-04-15T23:22:32.826Z [Modules] Streaming discord_krisp@1 to /home/aatrox/.config/discord/0.0.26/modules/pending/discord_krisp-1.zip: 91%
2023-04-15T23:22:32.878Z [Modules] Streaming discord_krisp@1 to /home/aatrox/.config/discord/0.0.26/modules/pending/discord_krisp-1.zip: 92%
2023-04-15T23:22:32.920Z [Modules] Streaming discord_krisp@1 to /home/aatrox/.config/discord/0.0.26/modules/pending/discord_krisp-1.zip: 93%
2023-04-15T23:22:32.968Z [Modules] Streaming discord_krisp@1 to /home/aatrox/.config/discord/0.0.26/modules/pending/discord_krisp-1.zip: 94%
2023-04-15T23:22:33.017Z [Modules] Streaming discord_krisp@1 to /home/aatrox/.config/discord/0.0.26/modules/pending/discord_krisp-1.zip: 95%
2023-04-15T23:22:33.073Z [Modules] Streaming discord_krisp@1 to /home/aatrox/.config/discord/0.0.26/modules/pending/discord_krisp-1.zip: 96%
2023-04-15T23:22:33.128Z [Modules] Streaming discord_krisp@1 to /home/aatrox/.config/discord/0.0.26/modules/pending/discord_krisp-1.zip: 97%
2023-04-15T23:22:33.180Z [Modules] Streaming discord_krisp@1 to /home/aatrox/.config/discord/0.0.26/modules/pending/discord_krisp-1.zip: 98%
2023-04-15T23:22:33.234Z [Modules] Streaming discord_krisp@1 to /home/aatrox/.config/discord/0.0.26/modules/pending/discord_krisp-1.zip: 99%
2023-04-15T23:22:33.275Z [Modules] Streaming discord_krisp@1 to /home/aatrox/.config/discord/0.0.26/modules/pending/discord_krisp-1.zip: 100%
2023-04-15T23:22:33.278Z [Modules] Fetching discord_game_utils@1 from https://discord.com/api/modules/stable/discord_game_utils/1
2023-04-15T23:22:33.279Z [Modules] Streaming discord_game_utils@1 to /home/aatrox/.config/discord/0.0.26/modules/pending/discord_game_utils-1.zip
2023-04-15T23:22:33.279Z [Modules] Installing discord_krisp@1 from /home/aatrox/.config/discord/0.0.26/modules/pending/discord_krisp-1.zip
2023-04-15T23:22:33.420Z [Modules] Streaming discord_game_utils@1 to /home/aatrox/.config/discord/0.0.26/modules/pending/discord_game_utils-1.zip: 2%
2023-04-15T23:22:33.424Z [Modules] Streaming discord_game_utils@1 to /home/aatrox/.config/discord/0.0.26/modules/pending/discord_game_utils-1.zip: 3%
2023-04-15T23:22:33.434Z [Modules] Streaming discord_game_utils@1 to /home/aatrox/.config/discord/0.0.26/modules/pending/discord_game_utils-1.zip: 4%
2023-04-15T23:22:33.440Z [Modules] Streaming discord_game_utils@1 to /home/aatrox/.config/discord/0.0.26/modules/pending/discord_game_utils-1.zip: 5%
2023-04-15T23:22:33.455Z [Modules] Streaming discord_game_utils@1 to /home/aatrox/.config/discord/0.0.26/modules/pending/discord_game_utils-1.zip: 6%
2023-04-15T23:22:33.467Z [Modules] Streaming discord_game_utils@1 to /home/aatrox/.config/discord/0.0.26/modules/pending/discord_game_utils-1.zip: 7%
2023-04-15T23:22:33.471Z [Modules] Streaming discord_game_utils@1 to /home/aatrox/.config/discord/0.0.26/modules/pending/discord_game_utils-1.zip: 9%
2023-04-15T23:22:33.477Z [Modules] Streaming discord_game_utils@1 to /home/aatrox/.config/discord/0.0.26/modules/pending/discord_game_utils-1.zip: 10%
2023-04-15T23:22:33.485Z [Modules] Streaming discord_game_utils@1 to /home/aatrox/.config/discord/0.0.26/modules/pending/discord_game_utils-1.zip: 11%
2023-04-15T23:22:33.488Z [Modules] Streaming discord_game_utils@1 to /home/aatrox/.config/discord/0.0.26/modules/pending/discord_game_utils-1.zip: 12%
2023-04-15T23:22:33.501Z [Modules] Streaming discord_game_utils@1 to /home/aatrox/.config/discord/0.0.26/modules/pending/discord_game_utils-1.zip: 13%
2023-04-15T23:22:33.504Z [Modules] Streaming discord_game_utils@1 to /home/aatrox/.config/discord/0.0.26/modules/pending/discord_game_utils-1.zip: 15%
2023-04-15T23:22:33.509Z [Modules] Streaming discord_game_utils@1 to /home/aatrox/.config/discord/0.0.26/modules/pending/discord_game_utils-1.zip: 16%
2023-04-15T23:22:33.513Z [Modules] Streaming discord_game_utils@1 to /home/aatrox/.config/discord/0.0.26/modules/pending/discord_game_utils-1.zip: 17%
2023-04-15T23:22:33.525Z [Modules] Streaming discord_game_utils@1 to /home/aatrox/.config/discord/0.0.26/modules/pending/discord_game_utils-1.zip: 19%
2023-04-15T23:22:33.529Z [Modules] Streaming discord_game_utils@1 to /home/aatrox/.config/discord/0.0.26/modules/pending/discord_game_utils-1.zip: 20%
2023-04-15T23:22:33.536Z [Modules] Streaming discord_game_utils@1 to /home/aatrox/.config/discord/0.0.26/modules/pending/discord_game_utils-1.zip: 21%
2023-04-15T23:22:33.544Z [Modules] Streaming discord_game_utils@1 to /home/aatrox/.config/discord/0.0.26/modules/pending/discord_game_utils-1.zip: 22%
2023-04-15T23:22:33.551Z [Modules] Streaming discord_game_utils@1 to /home/aatrox/.config/discord/0.0.26/modules/pending/discord_game_utils-1.zip: 23%
2023-04-15T23:22:33.559Z [Modules] Streaming discord_game_utils@1 to /home/aatrox/.config/discord/0.0.26/modules/pending/discord_game_utils-1.zip: 25%
2023-04-15T23:22:33.571Z [Modules] Streaming discord_game_utils@1 to /home/aatrox/.config/discord/0.0.26/modules/pending/discord_game_utils-1.zip: 26%
2023-04-15T23:22:33.578Z [Modules] Streaming discord_game_utils@1 to /home/aatrox/.config/discord/0.0.26/modules/pending/discord_game_utils-1.zip: 27%
2023-04-15T23:22:33.584Z [Modules] Streaming discord_game_utils@1 to /home/aatrox/.config/discord/0.0.26/modules/pending/discord_game_utils-1.zip: 29%
2023-04-15T23:22:33.593Z [Modules] Streaming discord_game_utils@1 to /home/aatrox/.config/discord/0.0.26/modules/pending/discord_game_utils-1.zip: 31%
2023-04-15T23:22:33.602Z [Modules] Streaming discord_game_utils@1 to /home/aatrox/.config/discord/0.0.26/modules/pending/discord_game_utils-1.zip: 32%
2023-04-15T23:22:33.614Z [Modules] Streaming discord_game_utils@1 to /home/aatrox/.config/discord/0.0.26/modules/pending/discord_game_utils-1.zip: 33%
2023-04-15T23:22:33.619Z [Modules] Streaming discord_game_utils@1 to /home/aatrox/.config/discord/0.0.26/modules/pending/discord_game_utils-1.zip: 35%
2023-04-15T23:22:33.625Z [Modules] Streaming discord_game_utils@1 to /home/aatrox/.config/discord/0.0.26/modules/pending/discord_game_utils-1.zip: 36%
2023-04-15T23:22:33.634Z [Modules] Streaming discord_game_utils@1 to /home/aatrox/.config/discord/0.0.26/modules/pending/discord_game_utils-1.zip: 37%
2023-04-15T23:22:33.638Z [Modules] Streaming discord_game_utils@1 to /home/aatrox/.config/discord/0.0.26/modules/pending/discord_game_utils-1.zip: 38%
2023-04-15T23:22:33.643Z [Modules] Streaming discord_game_utils@1 to /home/aatrox/.config/discord/0.0.26/modules/pending/discord_game_utils-1.zip: 39%
2023-04-15T23:22:33.653Z [Modules] Streaming discord_game_utils@1 to /home/aatrox/.config/discord/0.0.26/modules/pending/discord_game_utils-1.zip: 42%
2023-04-15T23:22:33.663Z [Modules] Streaming discord_game_utils@1 to /home/aatrox/.config/discord/0.0.26/modules/pending/discord_game_utils-1.zip: 43%
2023-04-15T23:22:33.669Z [Modules] Streaming discord_game_utils@1 to /home/aatrox/.config/discord/0.0.26/modules/pending/discord_game_utils-1.zip: 45%
2023-04-15T23:22:33.680Z [Modules] Streaming discord_game_utils@1 to /home/aatrox/.config/discord/0.0.26/modules/pending/discord_game_utils-1.zip: 47%
2023-04-15T23:22:33.688Z [Modules] Streaming discord_game_utils@1 to /home/aatrox/.config/discord/0.0.26/modules/pending/discord_game_utils-1.zip: 48%
2023-04-15T23:22:33.694Z [Modules] Streaming discord_game_utils@1 to /home/aatrox/.config/discord/0.0.26/modules/pending/discord_game_utils-1.zip: 49%
2023-04-15T23:22:33.706Z [Modules] Streaming discord_game_utils@1 to /home/aatrox/.config/discord/0.0.26/modules/pending/discord_game_utils-1.zip: 51%
2023-04-15T23:22:33.719Z [Modules] Streaming discord_game_utils@1 to /home/aatrox/.config/discord/0.0.26/modules/pending/discord_game_utils-1.zip: 52%
2023-04-15T23:22:33.736Z [Modules] Streaming discord_game_utils@1 to /home/aatrox/.config/discord/0.0.26/modules/pending/discord_game_utils-1.zip: 54%
2023-04-15T23:22:33.738Z [Modules] Streaming discord_game_utils@1 to /home/aatrox/.config/discord/0.0.26/modules/pending/discord_game_utils-1.zip: 55%
2023-04-15T23:22:33.742Z [Modules] Streaming discord_game_utils@1 to /home/aatrox/.config/discord/0.0.26/modules/pending/discord_game_utils-1.zip: 56%
2023-04-15T23:22:33.746Z [Modules] Streaming discord_game_utils@1 to /home/aatrox/.config/discord/0.0.26/modules/pending/discord_game_utils-1.zip: 58%
2023-04-15T23:22:33.755Z [Modules] Streaming discord_game_utils@1 to /home/aatrox/.config/discord/0.0.26/modules/pending/discord_game_utils-1.zip: 60%
2023-04-15T23:22:33.769Z [Modules] Streaming discord_game_utils@1 to /home/aatrox/.config/discord/0.0.26/modules/pending/discord_game_utils-1.zip: 61%
2023-04-15T23:22:33.778Z [Modules] Streaming discord_game_utils@1 to /home/aatrox/.config/discord/0.0.26/modules/pending/discord_game_utils-1.zip: 62%
2023-04-15T23:22:33.785Z [Modules] Streaming discord_game_utils@1 to /home/aatrox/.config/discord/0.0.26/modules/pending/discord_game_utils-1.zip: 64%
2023-04-15T23:22:33.791Z [Modules] Streaming discord_game_utils@1 to /home/aatrox/.config/discord/0.0.26/modules/pending/discord_game_utils-1.zip: 65%
2023-04-15T23:22:33.795Z [Modules] Streaming discord_game_utils@1 to /home/aatrox/.config/discord/0.0.26/modules/pending/discord_game_utils-1.zip: 66%
2023-04-15T23:22:33.801Z [Modules] Streaming discord_game_utils@1 to /home/aatrox/.config/discord/0.0.26/modules/pending/discord_game_utils-1.zip: 67%
2023-04-15T23:22:33.807Z [Modules] Streaming discord_game_utils@1 to /home/aatrox/.config/discord/0.0.26/modules/pending/discord_game_utils-1.zip: 68%
2023-04-15T23:22:33.818Z [Modules] Streaming discord_game_utils@1 to /home/aatrox/.config/discord/0.0.26/modules/pending/discord_game_utils-1.zip: 70%
2023-04-15T23:22:33.821Z [Modules] Streaming discord_game_utils@1 to /home/aatrox/.config/discord/0.0.26/modules/pending/discord_game_utils-1.zip: 71%
2023-04-15T23:22:33.828Z [Modules] Streaming discord_game_utils@1 to /home/aatrox/.config/discord/0.0.26/modules/pending/discord_game_utils-1.zip: 72%
2023-04-15T23:22:33.840Z [Modules] Streaming discord_game_utils@1 to /home/aatrox/.config/discord/0.0.26/modules/pending/discord_game_utils-1.zip: 74%
2023-04-15T23:22:33.847Z [Modules] Streaming discord_game_utils@1 to /home/aatrox/.config/discord/0.0.26/modules/pending/discord_game_utils-1.zip: 75%
2023-04-15T23:22:33.854Z [Modules] Streaming discord_game_utils@1 to /home/aatrox/.config/discord/0.0.26/modules/pending/discord_game_utils-1.zip: 76%
2023-04-15T23:22:33.859Z [Modules] Streaming discord_game_utils@1 to /home/aatrox/.config/discord/0.0.26/modules/pending/discord_game_utils-1.zip: 77%
2023-04-15T23:22:33.869Z [Modules] Streaming discord_game_utils@1 to /home/aatrox/.config/discord/0.0.26/modules/pending/discord_game_utils-1.zip: 78%
2023-04-15T23:22:33.876Z [Modules] Streaming discord_game_utils@1 to /home/aatrox/.config/discord/0.0.26/modules/pending/discord_game_utils-1.zip: 80%
2023-04-15T23:22:33.881Z [Modules] Streaming discord_game_utils@1 to /home/aatrox/.config/discord/0.0.26/modules/pending/discord_game_utils-1.zip: 81%
2023-04-15T23:22:33.886Z [Modules] Streaming discord_game_utils@1 to /home/aatrox/.config/discord/0.0.26/modules/pending/discord_game_utils-1.zip: 82%
2023-04-15T23:22:33.895Z [Modules] Streaming discord_game_utils@1 to /home/aatrox/.config/discord/0.0.26/modules/pending/discord_game_utils-1.zip: 84%
2023-04-15T23:22:33.900Z [Modules] Streaming discord_game_utils@1 to /home/aatrox/.config/discord/0.0.26/modules/pending/discord_game_utils-1.zip: 85%
2023-04-15T23:22:33.907Z [Modules] Streaming discord_game_utils@1 to /home/aatrox/.config/discord/0.0.26/modules/pending/discord_game_utils-1.zip: 86%
2023-04-15T23:22:33.917Z [Modules] Streaming discord_game_utils@1 to /home/aatrox/.config/discord/0.0.26/modules/pending/discord_game_utils-1.zip: 88%
2023-04-15T23:22:33.925Z [Modules] Streaming discord_game_utils@1 to /home/aatrox/.config/discord/0.0.26/modules/pending/discord_game_utils-1.zip: 90%
2023-04-15T23:22:33.936Z [Modules] Streaming discord_game_utils@1 to /home/aatrox/.config/discord/0.0.26/modules/pending/discord_game_utils-1.zip: 91%
2023-04-15T23:22:33.940Z [Modules] Streaming discord_game_utils@1 to /home/aatrox/.config/discord/0.0.26/modules/pending/discord_game_utils-1.zip: 92%
2023-04-15T23:22:33.950Z [Modules] Streaming discord_game_utils@1 to /home/aatrox/.config/discord/0.0.26/modules/pending/discord_game_utils-1.zip: 94%
2023-04-15T23:22:33.954Z [Modules] Streaming discord_game_utils@1 to /home/aatrox/.config/discord/0.0.26/modules/pending/discord_game_utils-1.zip: 95%
2023-04-15T23:22:33.959Z [Modules] Streaming discord_game_utils@1 to /home/aatrox/.config/discord/0.0.26/modules/pending/discord_game_utils-1.zip: 96%
2023-04-15T23:22:33.974Z [Modules] Streaming discord_game_utils@1 to /home/aatrox/.config/discord/0.0.26/modules/pending/discord_game_utils-1.zip: 97%
2023-04-15T23:22:33.978Z [Modules] Streaming discord_game_utils@1 to /home/aatrox/.config/discord/0.0.26/modules/pending/discord_game_utils-1.zip: 99%
2023-04-15T23:22:33.979Z [Modules] Streaming discord_game_utils@1 to /home/aatrox/.config/discord/0.0.26/modules/pending/discord_game_utils-1.zip: 100%
2023-04-15T23:22:33.983Z [Modules] Fetching discord_rpc@1 from https://discord.com/api/modules/stable/discord_rpc/1
2023-04-15T23:22:33.983Z [Modules] Streaming discord_rpc@1 to /home/aatrox/.config/discord/0.0.26/modules/pending/discord_rpc-1.zip
2023-04-15T23:22:34.107Z [Modules] Streaming discord_rpc@1 to /home/aatrox/.config/discord/0.0.26/modules/pending/discord_rpc-1.zip: 38%
2023-04-15T23:22:34.109Z [Modules] Streaming discord_rpc@1 to /home/aatrox/.config/discord/0.0.26/modules/pending/discord_rpc-1.zip: 100%
2023-04-15T23:22:34.111Z [Modules] Finished module downloads. [success: 3] [failure: 0]
2023-04-15T23:22:34.702Z [Modules] Installing discord_game_utils@1 from /home/aatrox/.config/discord/0.0.26/modules/pending/discord_game_utils-1.zip
2023-04-15T23:22:34.946Z [Modules] Installing discord_rpc@1 from /home/aatrox/.config/discord/0.0.26/modules/pending/discord_rpc-1.zip
2023-04-15T23:22:34.989Z [Modules] Finished module installations. [success: 3] [failure: 0]
2023-05-13T04:03:23.902Z [Modules] Modules initializing
2023-05-13T04:03:23.908Z [Modules] Distribution: remote
2023-05-13T04:03:23.909Z [Modules] Host updates: enabled
2023-05-13T04:03:23.909Z [Modules] Module updates: enabled
2023-05-13T04:03:23.910Z [Modules] Module install path: /home/aatrox/.config/discord/0.0.26/modules
2023-05-13T04:03:23.910Z [Modules] Module installed file path: /home/aatrox/.config/discord/0.0.26/modules/installed.json
2023-05-13T04:03:23.910Z [Modules] Module download path: /home/aatrox/.config/discord/0.0.26/modules/pending
2023-05-13T04:03:24.561Z [Modules] No updates to install
2023-05-13T04:03:24.562Z [Modules] Checking for host updates.
2023-05-13T04:03:24.903Z [Modules] Host update is available. Manual update required!
